{"meta": {"format": 3, "version": "7.11.0", "timestamp": "2025-11-04T01:21:36.880848", "branch_coverage": false, "show_contexts": false}, "files": {"eval/__init__.py": {"executed_lines": [0], "summary": {"covered_lines": 0, "num_statements": 0, "percent_covered": 100.0, "percent_covered_display": "100", "missing_lines": 0, "excluded_lines": 0}, "missing_lines": [], "excluded_lines": [], "functions": {"": {"executed_lines": [], "summary": {"covered_lines": 0, "num_statements": 0, "percent_covered": 100.0, "percent_covered_display": "100", "missing_lines": 0, "excluded_lines": 0}, "missing_lines": [], "excluded_lines": []}}, "classes": {"": {"executed_lines": [], "summary": {"covered_lines": 0, "num_statements": 0, "percent_covered": 100.0, "percent_covered_display": "100", "missing_lines": 0, "excluded_lines": 0}, "missing_lines": [], "excluded_lines": []}}}, "eval/fairness.py": {"executed_lines": [1, 15, 16, 18, 19, 26, 33, 43, 44, 45, 54, 74, 77, 79, 89, 90, 91, 92, 94, 105, 106, 107, 108, 110, 121, 122, 123, 124, 126, 137, 138, 139, 140, 141, 143, 155, 160, 166, 174, 191, 192, 194, 197, 200, 203, 209, 212, 218, 221, 227, 230, 235, 243, 449, 464, 465, 466, 467, 469, 472, 477, 479, 480, 482, 485], "summary": {"covered_lines": 64, "num_statements": 110, "percent_covered": 58.18181818181818, "percent_covered_display": "58", "missing_lines": 46, "excluded_lines": 0}, "missing_lines": [46, 259, 260, 262, 276, 277, 285, 286, 297, 298, 299, 300, 301, 306, 307, 318, 319, 320, 321, 322, 327, 328, 339, 340, 341, 342, 343, 348, 349, 361, 362, 363, 364, 365, 370, 380, 381, 383, 389, 390, 391, 392, 393, 398, 441, 483], "excluded_lines": [], "functions": {"bucket_age": {"executed_lines": [43, 44, 45], "summary": {"covered_lines": 3, "num_statements": 4, "percent_covered": 75.0, "percent_covered_display": "75", "missing_lines": 1, "excluded_lines": 0}, "missing_lines": [46], "excluded_lines": []}, "calculate_fairness_parity": {"executed_lines": [74, 77, 79, 89, 90, 91, 92, 94, 105, 106, 107, 108, 110, 121, 122, 123, 124, 126, 137, 138, 139, 140, 141, 143, 155, 160, 166], "summary": {"covered_lines": 27, "num_statements": 27, "percent_covered": 100.0, "percent_covered_display": "100", "missing_lines": 0, "excluded_lines": 0}, "missing_lines": [], "excluded_lines": []}, "calculate_persona_distribution": {"executed_lines": [191, 192, 194, 197, 200, 203, 209, 212, 218, 221, 227, 230, 235], "summary": {"covered_lines": 13, "num_statements": 13, "percent_covered": 100.0, "percent_covered_display": "100", "missing_lines": 0, "excluded_lines": 0}, "missing_lines": [], "excluded_lines": []}, "generate_fairness_report_markdown": {"executed_lines": [], "summary": {"covered_lines": 0, "num_statements": 44, "percent_covered": 0.0, "percent_covered_display": "0", "missing_lines": 44, "excluded_lines": 0}, "missing_lines": [259, 260, 262, 276, 277, 285, 286, 297, 298, 299, 300, 301, 306, 307, 318, 319, 320, 321, 322, 327, 328, 339, 340, 341, 342, 343, 348, 349, 361, 362, 363, 364, 365, 370, 380, 381, 383, 389, 390, 391, 392, 393, 398, 441], "excluded_lines": []}, "calculate_fairness_metrics": {"executed_lines": [464, 465, 466, 467, 469, 472, 477, 479, 480, 482, 485], "summary": {"covered_lines": 11, "num_statements": 12, "percent_covered": 91.66666666666667, "percent_covered_display": "92", "missing_lines": 1, "excluded_lines": 0}, "missing_lines": [483], "excluded_lines": []}, "": {"executed_lines": [1, 15, 16, 18, 19, 26, 33, 54, 174, 243, 449], "summary": {"covered_lines": 10, "num_statements": 10, "percent_covered": 100.0, "percent_covered_display": "100", "missing_lines": 0, "excluded_lines": 0}, "missing_lines": [], "excluded_lines": []}}, "classes": {"": {"executed_lines": [1, 15, 16, 18, 19, 26, 33, 43, 44, 45, 54, 74, 77, 79, 89, 90, 91, 92, 94, 105, 106, 107, 108, 110, 121, 122, 123, 124, 126, 137, 138, 139, 140, 141, 143, 155, 160, 166, 174, 191, 192, 194, 197, 200, 203, 209, 212, 218, 221, 227, 230, 235, 243, 449, 464, 465, 466, 467, 469, 472, 477, 479, 480, 482, 485], "summary": {"covered_lines": 64, "num_statements": 110, "percent_covered": 58.18181818181818, "percent_covered_display": "58", "missing_lines": 46, "excluded_lines": 0}, "missing_lines": [46, 259, 260, 262, 276, 277, 285, 286, 297, 298, 299, 300, 301, 306, 307, 318, 319, 320, 321, 322, 327, 328, 339, 340, 341, 342, 343, 348, 349, 361, 362, 363, 364, 365, 370, 380, 381, 383, 389, 390, 391, 392, 393, 398, 441, 483], "excluded_lines": []}}}, "eval/metrics.py": {"executed_lines": [1, 16, 17, 18, 19, 20, 22, 23, 26, 33, 71, 81, 82, 83, 84, 87, 97, 98, 99, 100, 103, 115, 116, 119, 129, 130, 132, 133, 134, 135, 136, 138, 146, 171, 174, 175, 178, 193, 197, 198, 210, 212, 214, 224, 232, 245, 246, 247, 249, 250, 251, 253, 254, 256, 257, 258, 260, 261, 263, 271, 275, 287, 295, 308, 309, 310, 312, 313, 314, 316, 317, 320, 321, 322, 324, 325, 326, 328, 329, 341, 343, 353, 361, 379, 381, 382, 386, 388, 389, 391, 392, 393, 394, 395, 396, 402, 405, 406, 407, 408, 409, 410, 412, 424, 432, 453, 454, 455, 456, 458, 460, 461, 462, 463, 465, 471, 474, 475, 477, 478, 479, 481, 483, 484, 486, 497, 498, 510, 511, 513, 524, 532, 552, 553, 554, 555, 556, 558, 560, 563, 564, 565, 571, 572, 573, 579, 580, 581, 587, 588, 589, 595, 596, 597, 603, 614], "summary": {"covered_lines": 155, "num_statements": 164, "percent_covered": 94.51219512195122, "percent_covered_display": "95", "missing_lines": 9, "excluded_lines": 0}, "missing_lines": [318, 331, 397, 399, 400, 403, 466, 469, 500], "excluded_lines": [], "functions": {"load_users_from_db": {"executed_lines": [81, 82, 83, 84], "summary": {"covered_lines": 4, "num_statements": 4, "percent_covered": 100.0, "percent_covered_display": "100", "missing_lines": 0, "excluded_lines": 0}, "missing_lines": [], "excluded_lines": []}, "load_personas_from_db": {"executed_lines": [97, 98, 99, 100], "summary": {"covered_lines": 4, "num_statements": 4, "percent_covered": 100.0, "percent_covered_display": "100", "missing_lines": 0, "excluded_lines": 0}, "missing_lines": [], "excluded_lines": []}, "load_signals_from_parquet": {"executed_lines": [115, 116], "summary": {"covered_lines": 2, "num_statements": 2, "percent_covered": 100.0, "percent_covered_display": "100", "missing_lines": 0, "excluded_lines": 0}, "missing_lines": [], "excluded_lines": []}, "load_trace_jsons": {"executed_lines": [129, 130, 132, 133, 134, 135, 136, 138], "summary": {"covered_lines": 8, "num_statements": 8, "percent_covered": 100.0, "percent_covered_display": "100", "missing_lines": 0, "excluded_lines": 0}, "missing_lines": [], "excluded_lines": []}, "calculate_coverage": {"executed_lines": [171, 174, 175, 178, 193, 197, 198, 210, 212, 214, 224], "summary": {"covered_lines": 11, "num_statements": 11, "percent_covered": 100.0, "percent_covered_display": "100", "missing_lines": 0, "excluded_lines": 0}, "missing_lines": [], "excluded_lines": []}, "calculate_explainability": {"executed_lines": [245, 246, 247, 249, 250, 251, 253, 254, 256, 257, 258, 260, 261, 263, 271, 275, 287], "summary": {"covered_lines": 17, "num_statements": 17, "percent_covered": 100.0, "percent_covered_display": "100", "missing_lines": 0, "excluded_lines": 0}, "missing_lines": [], "excluded_lines": []}, "calculate_relevance": {"executed_lines": [308, 309, 310, 312, 313, 314, 316, 317, 320, 321, 322, 324, 325, 326, 328, 329, 341, 343, 353], "summary": {"covered_lines": 19, "num_statements": 21, "percent_covered": 90.47619047619048, "percent_covered_display": "90", "missing_lines": 2, "excluded_lines": 0}, "missing_lines": [318, 331], "excluded_lines": []}, "calculate_latency": {"executed_lines": [379, 381, 382, 386, 388, 389, 391, 392, 393, 394, 395, 396, 402, 405, 406, 407, 408, 409, 410, 412, 424], "summary": {"covered_lines": 21, "num_statements": 25, "percent_covered": 84.0, "percent_covered_display": "84", "missing_lines": 4, "excluded_lines": 0}, "missing_lines": [397, 399, 400, 403], "excluded_lines": []}, "calculate_auditability": {"executed_lines": [453, 454, 455, 456, 458, 460, 461, 462, 463, 465, 471, 474, 475, 477, 478, 479, 481, 483, 484, 486, 497, 498, 510, 511, 513, 524], "summary": {"covered_lines": 26, "num_statements": 29, "percent_covered": 89.65517241379311, "percent_covered_display": "90", "missing_lines": 3, "excluded_lines": 0}, "missing_lines": [466, 469, 500], "excluded_lines": []}, "calculate_all_metrics": {"executed_lines": [552, 553, 554, 555, 556, 558, 560, 563, 564, 565, 571, 572, 573, 579, 580, 581, 587, 588, 589, 595, 596, 597, 603, 614], "summary": {"covered_lines": 24, "num_statements": 24, "percent_covered": 100.0, "percent_covered_display": "100", "missing_lines": 0, "excluded_lines": 0}, "missing_lines": [], "excluded_lines": []}, "": {"executed_lines": [1, 16, 17, 18, 19, 20, 22, 23, 26, 33, 71, 87, 103, 119, 146, 232, 295, 361, 432, 532], "summary": {"covered_lines": 19, "num_statements": 19, "percent_covered": 100.0, "percent_covered_display": "100", "missing_lines": 0, "excluded_lines": 0}, "missing_lines": [], "excluded_lines": []}}, "classes": {"": {"executed_lines": [1, 16, 17, 18, 19, 20, 22, 23, 26, 33, 71, 81, 82, 83, 84, 87, 97, 98, 99, 100, 103, 115, 116, 119, 129, 130, 132, 133, 134, 135, 136, 138, 146, 171, 174, 175, 178, 193, 197, 198, 210, 212, 214, 224, 232, 245, 246, 247, 249, 250, 251, 253, 254, 256, 257, 258, 260, 261, 263, 271, 275, 287, 295, 308, 309, 310, 312, 313, 314, 316, 317, 320, 321, 322, 324, 325, 326, 328, 329, 341, 343, 353, 361, 379, 381, 382, 386, 388, 389, 391, 392, 393, 394, 395, 396, 402, 405, 406, 407, 408, 409, 410, 412, 424, 432, 453, 454, 455, 456, 458, 460, 461, 462, 463, 465, 471, 474, 475, 477, 478, 479, 481, 483, 484, 486, 497, 498, 510, 511, 513, 524, 532, 552, 553, 554, 555, 556, 558, 560, 563, 564, 565, 571, 572, 573, 579, 580, 581, 587, 588, 589, 595, 596, 597, 603, 614], "summary": {"covered_lines": 155, "num_statements": 164, "percent_covered": 94.51219512195122, "percent_covered_display": "95", "missing_lines": 9, "excluded_lines": 0}, "missing_lines": [318, 331, 397, 399, 400, 403, 466, 469, 500], "excluded_lines": []}}}, "eval/run.py": {"executed_lines": [1, 17, 18, 19, 20, 21, 22, 23, 25, 28, 29, 40, 55, 158, 249, 435, 456, 530, 677], "summary": {"covered_lines": 18, "num_statements": 123, "percent_covered": 14.634146341463415, "percent_covered_display": "15", "missing_lines": 105, "excluded_lines": 0}, "missing_lines": [47, 71, 150, 172, 175, 186, 197, 208, 219, 230, 240, 241, 265, 266, 268, 362, 363, 374, 375, 385, 386, 397, 398, 409, 427, 444, 445, 448, 467, 468, 469, 471, 472, 475, 482, 489, 496, 503, 510, 511, 517, 518, 521, 522, 534, 537, 543, 549, 555, 561, 567, 574, 577, 578, 581, 582, 584, 588, 589, 590, 592, 602, 603, 604, 606, 611, 612, 613, 616, 617, 618, 619, 620, 623, 624, 625, 626, 629, 630, 631, 632, 633, 636, 637, 638, 639, 640, 645, 646, 647, 649, 650, 652, 653, 658, 660, 663, 666, 668, 669, 670, 671, 673, 674, 678], "excluded_lines": [], "functions": {"generate_timestamp": {"executed_lines": [], "summary": {"covered_lines": 0, "num_statements": 1, "percent_covered": 0.0, "percent_covered_display": "0", "missing_lines": 1, "excluded_lines": 0}, "missing_lines": [47], "excluded_lines": []}, "generate_json_output": {"executed_lines": [], "summary": {"covered_lines": 0, "num_statements": 2, "percent_covered": 0.0, "percent_covered_display": "0", "missing_lines": 2, "excluded_lines": 0}, "missing_lines": [71, 150], "excluded_lines": []}, "generate_csv_output": {"executed_lines": [], "summary": {"covered_lines": 0, "num_statements": 9, "percent_covered": 0.0, "percent_covered_display": "0", "missing_lines": 9, "excluded_lines": 0}, "missing_lines": [172, 175, 186, 197, 208, 219, 230, 240, 241], "excluded_lines": []}, "generate_summary_markdown": {"executed_lines": [], "summary": {"covered_lines": 0, "num_statements": 13, "percent_covered": 0.0, "percent_covered_display": "0", "missing_lines": 13, "excluded_lines": 0}, "missing_lines": [265, 266, 268, 362, 363, 374, 375, 385, 386, 397, 398, 409, 427], "excluded_lines": []}, "create_symlink": {"executed_lines": [], "summary": {"covered_lines": 0, "num_statements": 3, "percent_covered": 0.0, "percent_covered_display": "0", "missing_lines": 3, "excluded_lines": 0}, "missing_lines": [444, 445, 448], "excluded_lines": []}, "print_console_summary": {"executed_lines": [], "summary": {"covered_lines": 0, "num_statements": 16, "percent_covered": 0.0, "percent_covered_display": "0", "missing_lines": 16, "excluded_lines": 0}, "missing_lines": [467, 468, 469, 471, 472, 475, 482, 489, 496, 503, 510, 511, 517, 518, 521, 522], "excluded_lines": []}, "main": {"executed_lines": [], "summary": {"covered_lines": 0, "num_statements": 60, "percent_covered": 0.0, "percent_covered_display": "0", "missing_lines": 60, "excluded_lines": 0}, "missing_lines": [534, 537, 543, 549, 555, 561, 567, 574, 577, 578, 581, 582, 584, 588, 589, 590, 592, 602, 603, 604, 606, 611, 612, 613, 616, 617, 618, 619, 620, 623, 624, 625, 626, 629, 630, 631, 632, 633, 636, 637, 638, 639, 640, 645, 646, 647, 649, 650, 652, 653, 658, 660, 663, 666, 668, 669, 670, 671, 673, 674], "excluded_lines": []}, "": {"executed_lines": [1, 17, 18, 19, 20, 21, 22, 23, 25, 28, 29, 40, 55, 158, 249, 435, 456, 530, 677], "summary": {"covered_lines": 18, "num_statements": 19, "percent_covered": 94.73684210526316, "percent_covered_display": "95", "missing_lines": 1, "excluded_lines": 0}, "missing_lines": [678], "excluded_lines": []}}, "classes": {"": {"executed_lines": [1, 17, 18, 19, 20, 21, 22, 23, 25, 28, 29, 40, 55, 158, 249, 435, 456, 530, 677], "summary": {"covered_lines": 18, "num_statements": 123, "percent_covered": 14.634146341463415, "percent_covered_display": "15", "missing_lines": 105, "excluded_lines": 0}, "missing_lines": [47, 71, 150, 172, 175, 186, 197, 208, 219, 230, 240, 241, 265, 266, 268, 362, 363, 374, 375, 385, 386, 397, 398, 409, 427, 444, 445, 448, 467, 468, 469, 471, 472, 475, 482, 489, 496, 503, 510, 511, 517, 518, 521, 522, 534, 537, 543, 549, 555, 561, 567, 574, 577, 578, 581, 582, 584, 588, 589, 590, 592, 602, 603, 604, 606, 611, 612, 613, 616, 617, 618, 619, 620, 623, 624, 625, 626, 629, 630, 631, 632, 633, 636, 637, 638, 639, 640, 645, 646, 647, 649, 650, 652, 653, 658, 660, 663, 666, 668, 669, 670, 671, 673, 674, 678], "excluded_lines": []}}}, "features/__init__.py": {"executed_lines": [1, 6, 7, 8, 9, 10, 11, 13, 14, 15, 16, 17, 20, 32, 35, 36, 39, 41, 42, 43, 45, 47, 50, 61, 63, 66, 75, 76, 78, 85, 89, 90, 92, 100, 101, 102, 105, 119, 120, 121, 124, 125, 126, 129, 130, 131, 132, 134, 144, 153, 154, 156, 159, 171, 172, 175, 185, 188, 189, 190, 191, 192, 193, 196, 197, 198, 199, 200, 201, 202, 205, 206, 207, 208, 209, 210, 211, 212, 213, 214, 215, 218, 219, 220, 221, 222, 223, 224, 225, 227, 230, 248, 249, 252, 253, 255, 256, 259, 260, 261, 262, 264, 265, 268, 271, 272, 273, 276, 277, 278, 279, 281, 284], "summary": {"covered_lines": 112, "num_statements": 118, "percent_covered": 94.91525423728814, "percent_covered_display": "95", "missing_lines": 6, "excluded_lines": 0}, "missing_lines": [86, 286, 287, 288, 289, 290], "excluded_lines": [], "functions": {"load_data": {"executed_lines": [32, 35, 36, 39, 41, 42, 43, 45, 47], "summary": {"covered_lines": 9, "num_statements": 9, "percent_covered": 100.0, "percent_covered_display": "100", "missing_lines": 0, "excluded_lines": 0}, "missing_lines": [], "excluded_lines": []}, "_detect_interest_charges": {"executed_lines": [61, 63, 66, 75, 76, 78, 85, 89, 90, 92, 100, 101, 102], "summary": {"covered_lines": 13, "num_statements": 14, "percent_covered": 92.85714285714286, "percent_covered_display": "93", "missing_lines": 1, "excluded_lines": 0}, "missing_lines": [86], "excluded_lines": []}, "compute_all_signals": {"executed_lines": [119, 120, 121, 124, 125, 126, 129, 130, 131, 132, 134], "summary": {"covered_lines": 11, "num_statements": 11, "percent_covered": 100.0, "percent_covered_display": "100", "missing_lines": 0, "excluded_lines": 0}, "missing_lines": [], "excluded_lines": []}, "save_trace": {"executed_lines": [153, 154, 156, 159, 171, 172], "summary": {"covered_lines": 6, "num_statements": 6, "percent_covered": 100.0, "percent_covered_display": "100", "missing_lines": 0, "excluded_lines": 0}, "missing_lines": [], "excluded_lines": []}, "flatten_signals_for_parquet": {"executed_lines": [185, 188, 189, 190, 191, 192, 193, 196, 197, 198, 199, 200, 201, 202, 205, 206, 207, 208, 209, 210, 211, 212, 213, 214, 215, 218, 219, 220, 221, 222, 223, 224, 225, 227], "summary": {"covered_lines": 34, "num_statements": 34, "percent_covered": 100.0, "percent_covered_display": "100", "missing_lines": 0, "excluded_lines": 0}, "missing_lines": [], "excluded_lines": []}, "run_feature_pipeline": {"executed_lines": [248, 249, 252, 253, 255, 256, 259, 260, 261, 262, 264, 265, 268, 271, 272, 273, 276, 277, 278, 279, 281], "summary": {"covered_lines": 21, "num_statements": 21, "percent_covered": 100.0, "percent_covered_display": "100", "missing_lines": 0, "excluded_lines": 0}, "missing_lines": [], "excluded_lines": []}, "": {"executed_lines": [1, 6, 7, 8, 9, 10, 11, 13, 14, 15, 16, 17, 20, 50, 105, 144, 175, 230, 284], "summary": {"covered_lines": 18, "num_statements": 23, "percent_covered": 78.26086956521739, "percent_covered_display": "78", "missing_lines": 5, "excluded_lines": 0}, "missing_lines": [286, 287, 288, 289, 290], "excluded_lines": []}}, "classes": {"": {"executed_lines": [1, 6, 7, 8, 9, 10, 11, 13, 14, 15, 16, 17, 20, 32, 35, 36, 39, 41, 42, 43, 45, 47, 50, 61, 63, 66, 75, 76, 78, 85, 89, 90, 92, 100, 101, 102, 105, 119, 120, 121, 124, 125, 126, 129, 130, 131, 132, 134, 144, 153, 154, 156, 159, 171, 172, 175, 185, 188, 189, 190, 191, 192, 193, 196, 197, 198, 199, 200, 201, 202, 205, 206, 207, 208, 209, 210, 211, 212, 213, 214, 215, 218, 219, 220, 221, 222, 223, 224, 225, 227, 230, 248, 249, 252, 253, 255, 256, 259, 260, 261, 262, 264, 265, 268, 271, 272, 273, 276, 277, 278, 279, 281, 284], "summary": {"covered_lines": 112, "num_statements": 118, "percent_covered": 94.91525423728814, "percent_covered_display": "95", "missing_lines": 6, "excluded_lines": 0}, "missing_lines": [86, 286, 287, 288, 289, 290], "excluded_lines": []}}}, "features/credit.py": {"executed_lines": [1, 6, 7, 9, 10, 13, 42, 48, 49, 63, 64, 66, 67, 68, 69, 70, 79, 80, 81, 87, 88, 89, 92, 93, 97, 98, 99, 101, 104, 105, 106, 107, 108, 112, 113, 116, 117, 119, 133, 149, 152], "summary": {"covered_lines": 40, "num_statements": 43, "percent_covered": 93.02325581395348, "percent_covered_display": "93", "missing_lines": 3, "excluded_lines": 0}, "missing_lines": [83, 84, 109], "excluded_lines": [], "functions": {"calculate_credit_signals": {"executed_lines": [42, 48, 49, 63, 64, 66, 67, 68, 69, 70, 79, 80, 81, 87, 88, 89, 92, 93, 97, 98, 99, 101, 104, 105, 106, 107, 108, 112, 113, 116, 117, 119], "summary": {"covered_lines": 32, "num_statements": 35, "percent_covered": 91.42857142857143, "percent_covered_display": "91", "missing_lines": 3, "excluded_lines": 0}, "missing_lines": [83, 84, 109], "excluded_lines": []}, "compute_credit_signals": {"executed_lines": [149, 152], "summary": {"covered_lines": 2, "num_statements": 2, "percent_covered": 100.0, "percent_covered_display": "100", "missing_lines": 0, "excluded_lines": 0}, "missing_lines": [], "excluded_lines": []}, "": {"executed_lines": [1, 6, 7, 9, 10, 13, 133], "summary": {"covered_lines": 6, "num_statements": 6, "percent_covered": 100.0, "percent_covered_display": "100", "missing_lines": 0, "excluded_lines": 0}, "missing_lines": [], "excluded_lines": []}}, "classes": {"": {"executed_lines": [1, 6, 7, 9, 10, 13, 42, 48, 49, 63, 64, 66, 67, 68, 69, 70, 79, 80, 81, 87, 88, 89, 92, 93, 97, 98, 99, 101, 104, 105, 106, 107, 108, 112, 113, 116, 117, 119, 133, 149, 152], "summary": {"covered_lines": 40, "num_statements": 43, "percent_covered": 93.02325581395348, "percent_covered_display": "93", "missing_lines": 3, "excluded_lines": 0}, "missing_lines": [83, 84, 109], "excluded_lines": []}}}, "features/income.py": {"executed_lines": [1, 6, 7, 8, 9, 11, 14, 37, 38, 43, 44, 54, 57, 58, 64, 65, 71, 72, 74, 76, 87, 88, 89, 90, 91, 93, 96, 97, 98, 99, 100, 101, 104, 107, 108, 109, 110, 114, 115, 116, 117, 122, 123, 125, 129, 139, 153, 159, 165], "summary": {"covered_lines": 48, "num_statements": 51, "percent_covered": 94.11764705882354, "percent_covered_display": "94", "missing_lines": 3, "excluded_lines": 0}, "missing_lines": [77, 102, 127], "excluded_lines": [], "functions": {"detect_income_signals": {"executed_lines": [37, 38, 43, 44, 54, 57, 58, 64, 65, 71, 72, 74, 76, 87, 88, 89, 90, 91, 93, 96, 97, 98, 99, 100, 101, 104, 107, 108, 109, 110, 114, 115, 116, 117, 122, 123, 125, 129], "summary": {"covered_lines": 38, "num_statements": 41, "percent_covered": 92.6829268292683, "percent_covered_display": "93", "missing_lines": 3, "excluded_lines": 0}, "missing_lines": [77, 102, 127], "excluded_lines": []}, "compute_income_signals": {"executed_lines": [153, 159, 165], "summary": {"covered_lines": 3, "num_statements": 3, "percent_covered": 100.0, "percent_covered_display": "100", "missing_lines": 0, "excluded_lines": 0}, "missing_lines": [], "excluded_lines": []}, "": {"executed_lines": [1, 6, 7, 8, 9, 11, 14, 139], "summary": {"covered_lines": 7, "num_statements": 7, "percent_covered": 100.0, "percent_covered_display": "100", "missing_lines": 0, "excluded_lines": 0}, "missing_lines": [], "excluded_lines": []}}, "classes": {"": {"executed_lines": [1, 6, 7, 8, 9, 11, 14, 37, 38, 43, 44, 54, 57, 58, 64, 65, 71, 72, 74, 76, 87, 88, 89, 90, 91, 93, 96, 97, 98, 99, 100, 101, 104, 107, 108, 109, 110, 114, 115, 116, 117, 122, 123, 125, 129, 139, 153, 159, 165], "summary": {"covered_lines": 48, "num_statements": 51, "percent_covered": 94.11764705882354, "percent_covered_display": "94", "missing_lines": 3, "excluded_lines": 0}, "missing_lines": [77, 102, 127], "excluded_lines": []}}}, "features/savings.py": {"executed_lines": [1, 6, 7, 8, 9, 11, 12, 15, 38, 44, 45, 53, 56, 57, 59, 68, 69, 70, 71, 73, 78, 79, 83, 89, 90, 91, 92, 96, 104, 120, 127, 134], "summary": {"covered_lines": 31, "num_statements": 32, "percent_covered": 96.875, "percent_covered_display": "97", "missing_lines": 1, "excluded_lines": 0}, "missing_lines": [94], "excluded_lines": [], "functions": {"calculate_savings_signals": {"executed_lines": [38, 44, 45, 53, 56, 57, 59, 68, 69, 70, 71, 73, 78, 79, 83, 89, 90, 91, 92, 96], "summary": {"covered_lines": 20, "num_statements": 21, "percent_covered": 95.23809523809524, "percent_covered_display": "95", "missing_lines": 1, "excluded_lines": 0}, "missing_lines": [94], "excluded_lines": []}, "compute_savings_signals": {"executed_lines": [120, 127, 134], "summary": {"covered_lines": 3, "num_statements": 3, "percent_covered": 100.0, "percent_covered_display": "100", "missing_lines": 0, "excluded_lines": 0}, "missing_lines": [], "excluded_lines": []}, "": {"executed_lines": [1, 6, 7, 8, 9, 11, 12, 15, 104], "summary": {"covered_lines": 8, "num_statements": 8, "percent_covered": 100.0, "percent_covered_display": "100", "missing_lines": 0, "excluded_lines": 0}, "missing_lines": [], "excluded_lines": []}}, "classes": {"": {"executed_lines": [1, 6, 7, 8, 9, 11, 12, 15, 38, 44, 45, 53, 56, 57, 59, 68, 69, 70, 71, 73, 78, 79, 83, 89, 90, 91, 92, 96, 104, 120, 127, 134], "summary": {"covered_lines": 31, "num_statements": 32, "percent_covered": 96.875, "percent_covered_display": "97", "missing_lines": 1, "excluded_lines": 0}, "missing_lines": [94], "excluded_lines": []}}}, "features/subscriptions.py": {"executed_lines": [1, 6, 7, 8, 10, 13, 34, 35, 38, 39, 46, 47, 48, 49, 51, 52, 60, 65, 68, 69, 70, 72, 74, 75, 78, 79, 81, 85, 86, 87, 88, 94, 95, 96, 99, 102, 103, 105, 106, 108, 116, 130, 137, 143, 144, 145, 146, 147, 148, 149, 150, 151, 152, 153, 154, 155, 160], "summary": {"covered_lines": 56, "num_statements": 61, "percent_covered": 91.80327868852459, "percent_covered_display": "92", "missing_lines": 5, "excluded_lines": 0}, "missing_lines": [82, 89, 91, 156, 158], "excluded_lines": [], "functions": {"detect_subscriptions": {"executed_lines": [34, 35, 38, 39, 46, 47, 48, 49, 51, 52, 60, 65, 68, 69, 70, 72, 74, 75, 78, 79, 81, 85, 86, 87, 88, 94, 95, 96, 99, 102, 103, 105, 106, 108], "summary": {"covered_lines": 34, "num_statements": 37, "percent_covered": 91.89189189189189, "percent_covered_display": "92", "missing_lines": 3, "excluded_lines": 0}, "missing_lines": [82, 89, 91], "excluded_lines": []}, "compute_subscription_signals": {"executed_lines": [130, 137, 143, 144, 145, 146, 147, 148, 149, 150, 151, 152, 153, 154, 155, 160], "summary": {"covered_lines": 16, "num_statements": 18, "percent_covered": 88.88888888888889, "percent_covered_display": "89", "missing_lines": 2, "excluded_lines": 0}, "missing_lines": [156, 158], "excluded_lines": []}, "": {"executed_lines": [1, 6, 7, 8, 10, 13, 116], "summary": {"covered_lines": 6, "num_statements": 6, "percent_covered": 100.0, "percent_covered_display": "100", "missing_lines": 0, "excluded_lines": 0}, "missing_lines": [], "excluded_lines": []}}, "classes": {"": {"executed_lines": [1, 6, 7, 8, 10, 13, 34, 35, 38, 39, 46, 47, 48, 49, 51, 52, 60, 65, 68, 69, 70, 72, 74, 75, 78, 79, 81, 85, 86, 87, 88, 94, 95, 96, 99, 102, 103, 105, 106, 108, 116, 130, 137, 143, 144, 145, 146, 147, 148, 149, 150, 151, 152, 153, 154, 155, 160], "summary": {"covered_lines": 56, "num_statements": 61, "percent_covered": 91.80327868852459, "percent_covered_display": "92", "missing_lines": 5, "excluded_lines": 0}, "missing_lines": [82, 89, 91, 156, 158], "excluded_lines": []}}}, "guardrails/__init__.py": {"executed_lines": [1, 21, 22, 23, 24, 26, 27, 28, 32, 35, 63, 64, 72, 73, 75, 82, 96, 97, 99, 109, 111, 114, 115, 122, 124, 137, 139, 140, 143, 150, 153, 168, 169, 172, 173, 174, 182, 189, 192, 195, 196, 199, 201, 216, 220], "summary": {"covered_lines": 44, "num_statements": 63, "percent_covered": 69.84126984126983, "percent_covered_display": "70", "missing_lines": 19, "excluded_lines": 0}, "missing_lines": [83, 84, 85, 88, 93, 100, 102, 176, 190, 202, 203, 205, 206, 208, 209, 210, 211, 212, 214], "excluded_lines": [], "functions": {"run_all_guardrails": {"executed_lines": [63, 64, 72, 73, 75, 82, 96, 97, 99, 109, 111, 114, 115, 122, 124, 137, 139, 140, 143, 150], "summary": {"covered_lines": 20, "num_statements": 27, "percent_covered": 74.07407407407408, "percent_covered_display": "74", "missing_lines": 7, "excluded_lines": 0}, "missing_lines": [83, 84, 85, 88, 93, 100, 102], "excluded_lines": []}, "log_guardrail_decision": {"executed_lines": [168, 169, 172, 173, 174, 182, 189, 192, 195, 196], "summary": {"covered_lines": 10, "num_statements": 12, "percent_covered": 83.33333333333333, "percent_covered_display": "83", "missing_lines": 2, "excluded_lines": 0}, "missing_lines": [176, 190], "excluded_lines": []}, "_generate_summary": {"executed_lines": [201, 216], "summary": {"covered_lines": 2, "num_statements": 12, "percent_covered": 16.666666666666668, "percent_covered_display": "17", "missing_lines": 10, "excluded_lines": 0}, "missing_lines": [202, 203, 205, 206, 208, 209, 210, 211, 212, 214], "excluded_lines": []}, "": {"executed_lines": [1, 21, 22, 23, 24, 26, 27, 28, 32, 35, 153, 199, 220], "summary": {"covered_lines": 12, "num_statements": 12, "percent_covered": 100.0, "percent_covered_display": "100", "missing_lines": 0, "excluded_lines": 0}, "missing_lines": [], "excluded_lines": []}}, "classes": {"": {"executed_lines": [1, 21, 22, 23, 24, 26, 27, 28, 32, 35, 63, 64, 72, 73, 75, 82, 96, 97, 99, 109, 111, 114, 115, 122, 124, 137, 139, 140, 143, 150, 153, 168, 169, 172, 173, 174, 182, 189, 192, 195, 196, 199, 201, 216, 220], "summary": {"covered_lines": 44, "num_statements": 63, "percent_covered": 69.84126984126983, "percent_covered_display": "70", "missing_lines": 19, "excluded_lines": 0}, "missing_lines": [83, 84, 85, 88, 93, 100, 102, 176, 190, 202, 203, 205, 206, 208, 209, 210, 211, 212, 214], "excluded_lines": []}}}, "guardrails/consent.py": {"executed_lines": [1, 24, 25, 26, 27, 31, 34, 53, 56, 58, 59, 62, 63, 67, 77, 79, 88, 112, 115, 117, 118, 121, 122, 126, 135, 137, 146, 160, 163, 164, 166, 170, 172, 176, 179, 198, 201, 202, 204, 212, 214, 217, 220, 221, 222, 223, 227, 236, 249, 250, 251, 252, 254, 257, 258, 260, 261, 263, 264, 270, 280, 286, 288], "summary": {"covered_lines": 62, "num_statements": 78, "percent_covered": 79.48717948717949, "percent_covered_display": "79", "missing_lines": 16, "excluded_lines": 0}, "missing_lines": [54, 64, 113, 123, 161, 173, 199, 215, 225, 255, 265, 266, 267, 282, 283, 284], "excluded_lines": [], "functions": {"grant_consent": {"executed_lines": [53, 56, 58, 59, 62, 63, 67, 77, 79], "summary": {"covered_lines": 9, "num_statements": 11, "percent_covered": 81.81818181818181, "percent_covered_display": "82", "missing_lines": 2, "excluded_lines": 0}, "missing_lines": [54, 64], "excluded_lines": []}, "revoke_consent": {"executed_lines": [112, 115, 117, 118, 121, 122, 126, 135, 137], "summary": {"covered_lines": 9, "num_statements": 11, "percent_covered": 81.81818181818181, "percent_covered_display": "82", "missing_lines": 2, "excluded_lines": 0}, "missing_lines": [113, 123], "excluded_lines": []}, "check_consent": {"executed_lines": [160, 163, 164, 166, 170, 172, 176], "summary": {"covered_lines": 7, "num_statements": 9, "percent_covered": 77.77777777777777, "percent_covered_display": "78", "missing_lines": 2, "excluded_lines": 0}, "missing_lines": [161, 173], "excluded_lines": []}, "get_consent_history": {"executed_lines": [198, 201, 202, 204, 212, 214, 217, 220, 221, 222, 223, 227], "summary": {"covered_lines": 12, "num_statements": 15, "percent_covered": 80.0, "percent_covered_display": "80", "missing_lines": 3, "excluded_lines": 0}, "missing_lines": [199, 215, 225], "excluded_lines": []}, "batch_grant_consent": {"executed_lines": [249, 250, 251, 252, 254, 257, 258, 260, 261, 263, 264, 270, 280, 286, 288], "summary": {"covered_lines": 15, "num_statements": 22, "percent_covered": 68.18181818181819, "percent_covered_display": "68", "missing_lines": 7, "excluded_lines": 0}, "missing_lines": [255, 265, 266, 267, 282, 283, 284], "excluded_lines": []}, "": {"executed_lines": [1, 24, 25, 26, 27, 31, 34, 88, 146, 179, 236], "summary": {"covered_lines": 10, "num_statements": 10, "percent_covered": 100.0, "percent_covered_display": "100", "missing_lines": 0, "excluded_lines": 0}, "missing_lines": [], "excluded_lines": []}}, "classes": {"": {"executed_lines": [1, 24, 25, 26, 27, 31, 34, 53, 56, 58, 59, 62, 63, 67, 77, 79, 88, 112, 115, 117, 118, 121, 122, 126, 135, 137, 146, 160, 163, 164, 166, 170, 172, 176, 179, 198, 201, 202, 204, 212, 214, 217, 220, 221, 222, 223, 227, 236, 249, 250, 251, 252, 254, 257, 258, 260, 261, 263, 264, 270, 280, 286, 288], "summary": {"covered_lines": 62, "num_statements": 78, "percent_covered": 79.48717948717949, "percent_covered_display": "79", "missing_lines": 16, "excluded_lines": 0}, "missing_lines": [54, 64, 113, 123, 161, 173, 199, 215, 225, 255, 265, 266, 267, 282, 283, 284], "excluded_lines": []}}}, "guardrails/eligibility.py": {"executed_lines": [1, 25, 27, 31, 38, 67, 68, 69, 70, 73, 75, 80, 81, 82, 83, 85, 86, 89, 90, 92, 93, 94, 96, 100, 101, 103, 104, 105, 107, 108, 111, 114, 137, 138, 140, 141, 143, 144, 150, 152, 155, 177, 178, 181, 189, 191, 196, 197, 198, 199, 201, 204, 228, 229, 230, 233, 234, 237, 239, 241, 242, 247, 250, 252, 261, 263, 277], "summary": {"covered_lines": 66, "num_statements": 85, "percent_covered": 77.6470588235294, "percent_covered_display": "78", "missing_lines": 19, "excluded_lines": 0}, "missing_lines": [77, 97, 193, 253, 258, 295, 301, 303, 305, 308, 311, 314, 315, 316, 317, 318, 319, 321, 326], "excluded_lines": [], "functions": {"check_product_eligibility": {"executed_lines": [67, 68, 69, 70, 73, 75, 80, 81, 82, 83, 85, 86, 89, 90, 92, 93, 94, 96, 100, 101, 103, 104, 105, 107, 108, 111], "summary": {"covered_lines": 26, "num_statements": 28, "percent_covered": 92.85714285714286, "percent_covered_display": "93", "missing_lines": 2, "excluded_lines": 0}, "missing_lines": [77, 97], "excluded_lines": []}, "filter_predatory_products": {"executed_lines": [137, 138, 140, 141, 143, 144, 150, 152], "summary": {"covered_lines": 8, "num_statements": 8, "percent_covered": 100.0, "percent_covered_display": "100", "missing_lines": 0, "excluded_lines": 0}, "missing_lines": [], "excluded_lines": []}, "check_existing_accounts": {"executed_lines": [177, 178, 181, 189, 191, 196, 197, 198, 199, 201], "summary": {"covered_lines": 10, "num_statements": 11, "percent_covered": 90.9090909090909, "percent_covered_display": "91", "missing_lines": 1, "excluded_lines": 0}, "missing_lines": [193], "excluded_lines": []}, "apply_all_filters": {"executed_lines": [228, 229, 230, 233, 234, 237, 239, 241, 242, 247, 250, 252, 261, 263], "summary": {"covered_lines": 14, "num_statements": 16, "percent_covered": 87.5, "percent_covered_display": "88", "missing_lines": 2, "excluded_lines": 0}, "missing_lines": [253, 258], "excluded_lines": []}, "get_eligibility_summary": {"executed_lines": [], "summary": {"covered_lines": 0, "num_statements": 14, "percent_covered": 0.0, "percent_covered_display": "0", "missing_lines": 14, "excluded_lines": 0}, "missing_lines": [295, 301, 303, 305, 308, 311, 314, 315, 316, 317, 318, 319, 321, 326], "excluded_lines": []}, "": {"executed_lines": [1, 25, 27, 31, 38, 114, 155, 204, 277], "summary": {"covered_lines": 8, "num_statements": 8, "percent_covered": 100.0, "percent_covered_display": "100", "missing_lines": 0, "excluded_lines": 0}, "missing_lines": [], "excluded_lines": []}}, "classes": {"": {"executed_lines": [1, 25, 27, 31, 38, 67, 68, 69, 70, 73, 75, 80, 81, 82, 83, 85, 86, 89, 90, 92, 93, 94, 96, 100, 101, 103, 104, 105, 107, 108, 111, 114, 137, 138, 140, 141, 143, 144, 150, 152, 155, 177, 178, 181, 189, 191, 196, 197, 198, 199, 201, 204, 228, 229, 230, 233, 234, 237, 239, 241, 242, 247, 250, 252, 261, 263, 277], "summary": {"covered_lines": 66, "num_statements": 85, "percent_covered": 77.6470588235294, "percent_covered_display": "78", "missing_lines": 19, "excluded_lines": 0}, "missing_lines": [77, 97, 193, 253, 258, 295, 301, 303, 305, 308, 311, 314, 315, 316, 317, 318, 319, 321, 326], "excluded_lines": []}}}, "guardrails/tone.py": {"executed_lines": [1, 23, 24, 26, 29, 52, 55, 56, 58, 61, 63, 64, 65, 68, 69, 70, 72, 80, 82, 85, 112, 143, 144, 145, 147, 149, 150, 151, 153, 155, 156, 157, 162, 164, 173, 228, 244, 245], "summary": {"covered_lines": 37, "num_statements": 62, "percent_covered": 59.67741935483871, "percent_covered_display": "60", "missing_lines": 25, "excluded_lines": 0}, "missing_lines": [53, 101, 102, 104, 106, 107, 109, 195, 197, 199, 200, 202, 203, 204, 207, 208, 212, 213, 218, 219, 220, 221, 222, 223, 225], "excluded_lines": [], "functions": {"validate_tone": {"executed_lines": [52, 55, 56, 58, 61, 63, 64, 65, 68, 69, 70, 72, 80, 82], "summary": {"covered_lines": 14, "num_statements": 15, "percent_covered": 93.33333333333333, "percent_covered_display": "93", "missing_lines": 1, "excluded_lines": 0}, "missing_lines": [53], "excluded_lines": []}, "suggest_alternatives": {"executed_lines": [], "summary": {"covered_lines": 0, "num_statements": 6, "percent_covered": 0.0, "percent_covered_display": "0", "missing_lines": 6, "excluded_lines": 0}, "missing_lines": [101, 102, 104, 106, 107, 109], "excluded_lines": []}, "scan_recommendations": {"executed_lines": [143, 144, 145, 147, 149, 150, 151, 153, 155, 156, 157, 162, 164], "summary": {"covered_lines": 13, "num_statements": 13, "percent_covered": 100.0, "percent_covered_display": "100", "missing_lines": 0, "excluded_lines": 0}, "missing_lines": [], "excluded_lines": []}, "apply_tone_filter": {"executed_lines": [], "summary": {"covered_lines": 0, "num_statements": 18, "percent_covered": 0.0, "percent_covered_display": "0", "missing_lines": 18, "excluded_lines": 0}, "missing_lines": [195, 197, 199, 200, 202, 203, 204, 207, 208, 212, 213, 218, 219, 220, 221, 222, 223, 225], "excluded_lines": []}, "check_text_safe": {"executed_lines": [244, 245], "summary": {"covered_lines": 2, "num_statements": 2, "percent_covered": 100.0, "percent_covered_display": "100", "missing_lines": 0, "excluded_lines": 0}, "missing_lines": [], "excluded_lines": []}, "": {"executed_lines": [1, 23, 24, 26, 29, 85, 112, 173, 228], "summary": {"covered_lines": 8, "num_statements": 8, "percent_covered": 100.0, "percent_covered_display": "100", "missing_lines": 0, "excluded_lines": 0}, "missing_lines": [], "excluded_lines": []}}, "classes": {"": {"executed_lines": [1, 23, 24, 26, 29, 52, 55, 56, 58, 61, 63, 64, 65, 68, 69, 70, 72, 80, 82, 85, 112, 143, 144, 145, 147, 149, 150, 151, 153, 155, 156, 157, 162, 164, 173, 228, 244, 245], "summary": {"covered_lines": 37, "num_statements": 62, "percent_covered": 59.67741935483871, "percent_covered_display": "60", "missing_lines": 25, "excluded_lines": 0}, "missing_lines": [53, 101, 102, 104, 106, 107, 109, 195, 197, 199, 200, 202, 203, 204, 207, 208, 212, 213, 218, 219, 220, 221, 222, 223, 225], "excluded_lines": []}}}, "ingest/__init__.py": {"executed_lines": [0], "summary": {"covered_lines": 0, "num_statements": 0, "percent_covered": 100.0, "percent_covered_display": "100", "missing_lines": 0, "excluded_lines": 0}, "missing_lines": [], "excluded_lines": [], "functions": {"": {"executed_lines": [], "summary": {"covered_lines": 0, "num_statements": 0, "percent_covered": 100.0, "percent_covered_display": "100", "missing_lines": 0, "excluded_lines": 0}, "missing_lines": [], "excluded_lines": []}}, "classes": {"": {"executed_lines": [], "summary": {"covered_lines": 0, "num_statements": 0, "percent_covered": 100.0, "percent_covered_display": "100", "missing_lines": 0, "excluded_lines": 0}, "missing_lines": [], "excluded_lines": []}}}, "ingest/constants.py": {"executed_lines": [1, 13, 38, 50, 60, 67, 73, 80, 87, 108, 116, 126, 138, 150, 159, 169, 177, 184, 199, 210, 221, 231], "summary": {"covered_lines": 21, "num_statements": 21, "percent_covered": 100.0, "percent_covered_display": "100", "missing_lines": 0, "excluded_lines": 0}, "missing_lines": [], "excluded_lines": [], "functions": {"": {"executed_lines": [1, 13, 38, 50, 60, 67, 73, 80, 87, 108, 116, 126, 138, 150, 159, 169, 177, 184, 199, 210, 221, 231], "summary": {"covered_lines": 21, "num_statements": 21, "percent_covered": 100.0, "percent_covered_display": "100", "missing_lines": 0, "excluded_lines": 0}, "missing_lines": [], "excluded_lines": []}}, "classes": {"": {"executed_lines": [1, 13, 38, 50, 60, 67, 73, 80, 87, 108, 116, 126, 138, 150, 159, 169, 177, 184, 199, 210, 221, 231], "summary": {"covered_lines": 21, "num_statements": 21, "percent_covered": 100.0, "percent_covered_display": "100", "missing_lines": 0, "excluded_lines": 0}, "missing_lines": [], "excluded_lines": []}}}, "ingest/data_generator.py": {"executed_lines": [1, 6, 7, 8, 9, 10, 11, 13, 18, 21, 22, 24, 25, 27, 29, 31, 36, 41, 42, 44, 46, 48, 49, 61, 63, 65, 67, 68, 70, 71, 74, 88, 89, 92, 93, 107, 108, 111, 112, 113, 115, 116, 118, 119, 121, 135, 136, 138, 140, 142, 143, 146, 147, 148, 149, 150, 152, 154, 155, 158, 159, 162, 163, 165, 166, 169, 170, 171, 172, 173, 174, 175, 177, 188, 191, 192, 193, 194, 196, 198, 199, 201, 202, 205, 206, 208, 219, 220, 223, 225, 226, 227, 228, 233, 234, 237, 240, 241, 242, 243, 244, 245, 246, 247, 250, 251, 252, 253, 254, 255, 257, 258, 260, 262, 275, 276, 279, 281, 282, 283, 286, 287, 289, 290, 291, 292, 293, 294, 295, 296, 297, 298, 299, 300, 301, 302, 304, 305, 306, 307, 308, 310, 312, 313, 315, 317, 328, 329, 331, 333, 335, 336, 338, 340, 342, 345, 348, 351, 353, 365, 366, 368, 370, 377, 379, 382, 383, 384, 386, 389, 390, 392, 394, 395, 396, 397, 403, 404, 407, 408, 409, 410, 411, 412, 415, 428, 430, 432, 433, 435, 436, 438, 439, 441, 442, 444, 445, 448, 449, 450, 452, 455, 490], "summary": {"covered_lines": 201, "num_statements": 225, "percent_covered": 89.33333333333333, "percent_covered_display": "89", "missing_lines": 24, "excluded_lines": 0}, "missing_lines": [32, 34, 203, 230, 387, 400, 413, 458, 459, 462, 463, 464, 467, 468, 469, 470, 473, 481, 482, 483, 484, 486, 487, 491], "excluded_lines": [], "functions": {"SyntheticDataGenerator.__init__": {"executed_lines": [25, 27, 29, 31, 36, 41, 42], "summary": {"covered_lines": 7, "num_statements": 9, "percent_covered": 77.77777777777777, "percent_covered_display": "78", "missing_lines": 2, "excluded_lines": 0}, "missing_lines": [32, 34], "excluded_lines": []}, "SyntheticDataGenerator.generate_users": {"executed_lines": [46, 48, 49, 61, 63], "summary": {"covered_lines": 5, "num_statements": 5, "percent_covered": 100.0, "percent_covered_display": "100", "missing_lines": 0, "excluded_lines": 0}, "missing_lines": [], "excluded_lines": []}, "SyntheticDataGenerator.generate_accounts": {"executed_lines": [67, 68, 70, 71, 74, 88, 89, 92, 93, 107, 108, 111, 112, 113, 115, 116, 118, 119, 121, 135, 136, 138], "summary": {"covered_lines": 22, "num_statements": 22, "percent_covered": 100.0, "percent_covered_display": "100", "missing_lines": 0, "excluded_lines": 0}, "missing_lines": [], "excluded_lines": []}, "SyntheticDataGenerator.generate_transactions": {"executed_lines": [142, 143, 146, 147, 148, 149, 150, 152, 154, 155, 158, 159, 162, 163, 165, 166, 169, 170, 171, 172, 173, 174, 175, 177, 188, 191, 192, 193, 194, 196, 198, 199, 201, 202, 205, 206, 208, 219, 220, 223, 225, 226, 227, 228, 233, 234, 237, 240, 241, 242, 243, 244, 245, 246, 247, 250, 251, 252, 253, 254, 255, 257, 258, 260, 262, 275, 276, 279, 281, 282, 283, 286, 287, 289, 310, 312, 313, 315, 317, 328, 329, 331], "summary": {"covered_lines": 82, "num_statements": 84, "percent_covered": 97.61904761904762, "percent_covered_display": "98", "missing_lines": 2, "excluded_lines": 0}, "missing_lines": [203, 230], "excluded_lines": []}, "SyntheticDataGenerator.generate_transactions.paycheck_dates": {"executed_lines": [290, 291, 292, 293, 294, 295, 296, 297, 298, 299, 300, 301, 302, 304, 305, 306, 307, 308], "summary": {"covered_lines": 18, "num_statements": 18, "percent_covered": 100.0, "percent_covered_display": "100", "missing_lines": 0, "excluded_lines": 0}, "missing_lines": [], "excluded_lines": []}, "SyntheticDataGenerator.generate_liabilities": {"executed_lines": [335, 336, 338, 340, 342, 345, 348, 351, 353, 365, 366, 368], "summary": {"covered_lines": 12, "num_statements": 12, "percent_covered": 100.0, "percent_covered_display": "100", "missing_lines": 0, "excluded_lines": 0}, "missing_lines": [], "excluded_lines": []}, "SyntheticDataGenerator.generate_interest_transactions": {"executed_lines": [377, 379, 382, 383, 384, 386, 389, 390, 392, 394, 395, 396, 397, 403, 404, 407, 408, 409, 410, 411, 412, 415, 428], "summary": {"covered_lines": 23, "num_statements": 26, "percent_covered": 88.46153846153847, "percent_covered_display": "88", "missing_lines": 3, "excluded_lines": 0}, "missing_lines": [387, 400, 413], "excluded_lines": []}, "SyntheticDataGenerator.generate_all": {"executed_lines": [432, 433, 435, 436, 438, 439, 441, 442, 444, 445, 448, 449, 450, 452], "summary": {"covered_lines": 14, "num_statements": 14, "percent_covered": 100.0, "percent_covered_display": "100", "missing_lines": 0, "excluded_lines": 0}, "missing_lines": [], "excluded_lines": []}, "main": {"executed_lines": [], "summary": {"covered_lines": 0, "num_statements": 16, "percent_covered": 0.0, "percent_covered_display": "0", "missing_lines": 16, "excluded_lines": 0}, "missing_lines": [458, 459, 462, 463, 464, 467, 468, 469, 470, 473, 481, 482, 483, 484, 486, 487], "excluded_lines": []}, "": {"executed_lines": [1, 6, 7, 8, 9, 10, 11, 13, 18, 21, 22, 24, 44, 65, 140, 333, 370, 430, 455, 490], "summary": {"covered_lines": 18, "num_statements": 19, "percent_covered": 94.73684210526316, "percent_covered_display": "95", "missing_lines": 1, "excluded_lines": 0}, "missing_lines": [491], "excluded_lines": []}}, "classes": {"SyntheticDataGenerator": {"executed_lines": [25, 27, 29, 31, 36, 41, 42, 46, 48, 49, 61, 63, 67, 68, 70, 71, 74, 88, 89, 92, 93, 107, 108, 111, 112, 113, 115, 116, 118, 119, 121, 135, 136, 138, 142, 143, 146, 147, 148, 149, 150, 152, 154, 155, 158, 159, 162, 163, 165, 166, 169, 170, 171, 172, 173, 174, 175, 177, 188, 191, 192, 193, 194, 196, 198, 199, 201, 202, 205, 206, 208, 219, 220, 223, 225, 226, 227, 228, 233, 234, 237, 240, 241, 242, 243, 244, 245, 246, 247, 250, 251, 252, 253, 254, 255, 257, 258, 260, 262, 275, 276, 279, 281, 282, 283, 286, 287, 289, 290, 291, 292, 293, 294, 295, 296, 297, 298, 299, 300, 301, 302, 304, 305, 306, 307, 308, 310, 312, 313, 315, 317, 328, 329, 331, 335, 336, 338, 340, 342, 345, 348, 351, 353, 365, 366, 368, 377, 379, 382, 383, 384, 386, 389, 390, 392, 394, 395, 396, 397, 403, 404, 407, 408, 409, 410, 411, 412, 415, 428, 432, 433, 435, 436, 438, 439, 441, 442, 444, 445, 448, 449, 450, 452], "summary": {"covered_lines": 183, "num_statements": 190, "percent_covered": 96.3157894736842, "percent_covered_display": "96", "missing_lines": 7, "excluded_lines": 0}, "missing_lines": [32, 34, 203, 230, 387, 400, 413], "excluded_lines": []}, "": {"executed_lines": [1, 6, 7, 8, 9, 10, 11, 13, 18, 21, 22, 24, 44, 65, 140, 333, 370, 430, 455, 490], "summary": {"covered_lines": 18, "num_statements": 35, "percent_covered": 51.42857142857143, "percent_covered_display": "51", "missing_lines": 17, "excluded_lines": 0}, "missing_lines": [458, 459, 462, 463, 464, 467, 468, 469, 470, 473, 481, 482, 483, 484, 486, 487, 491], "excluded_lines": []}}}, "ingest/loader.py": {"executed_lines": [1, 6, 7, 8, 9, 10, 11, 13, 14, 17, 18, 20, 22, 23, 26, 27, 29, 31, 34, 50, 69, 84, 102, 114, 115, 116, 117, 118, 120, 122, 124, 126, 127, 145, 147, 149, 151, 152, 173, 175, 177, 179, 181, 182, 183, 185, 201, 203, 205, 207, 209, 210, 211, 213, 214, 215, 217, 236, 238, 241, 244, 245, 248, 250, 252, 255, 257, 259, 260, 263, 264, 266, 267, 269, 270, 272, 273, 276, 277, 278, 281, 283, 286, 330], "summary": {"covered_lines": 82, "num_statements": 111, "percent_covered": 73.87387387387388, "percent_covered_display": "74", "missing_lines": 29, "excluded_lines": 0}, "missing_lines": [288, 291, 292, 293, 294, 295, 297, 298, 301, 302, 303, 305, 306, 307, 308, 310, 313, 314, 315, 318, 319, 320, 321, 322, 324, 325, 326, 327, 331], "excluded_lines": [], "functions": {"DataLoader.__init__": {"executed_lines": [22, 23, 26, 27], "summary": {"covered_lines": 4, "num_statements": 4, "percent_covered": 100.0, "percent_covered_display": "100", "missing_lines": 0, "excluded_lines": 0}, "missing_lines": [], "excluded_lines": []}, "DataLoader.create_sqlite_schema": {"executed_lines": [31, 34, 50, 69, 84, 102, 114, 115, 116, 117, 118, 120], "summary": {"covered_lines": 12, "num_statements": 12, "percent_covered": 100.0, "percent_covered_display": "100", "missing_lines": 0, "excluded_lines": 0}, "missing_lines": [], "excluded_lines": []}, "DataLoader.load_users": {"executed_lines": [124, 126, 127, 145], "summary": {"covered_lines": 4, "num_statements": 4, "percent_covered": 100.0, "percent_covered_display": "100", "missing_lines": 0, "excluded_lines": 0}, "missing_lines": [], "excluded_lines": []}, "DataLoader.load_accounts": {"executed_lines": [149, 151, 152, 173], "summary": {"covered_lines": 4, "num_statements": 4, "percent_covered": 100.0, "percent_covered_display": "100", "missing_lines": 0, "excluded_lines": 0}, "missing_lines": [], "excluded_lines": []}, "DataLoader.load_transactions": {"executed_lines": [177, 179, 181, 182, 183, 185, 201], "summary": {"covered_lines": 7, "num_statements": 7, "percent_covered": 100.0, "percent_covered_display": "100", "missing_lines": 0, "excluded_lines": 0}, "missing_lines": [], "excluded_lines": []}, "DataLoader.load_liabilities": {"executed_lines": [205, 207, 209, 210, 211, 213, 214, 215, 217, 236], "summary": {"covered_lines": 10, "num_statements": 10, "percent_covered": 100.0, "percent_covered_display": "100", "missing_lines": 0, "excluded_lines": 0}, "missing_lines": [], "excluded_lines": []}, "DataLoader.export_transactions_parquet": {"executed_lines": [241, 244, 245, 248], "summary": {"covered_lines": 4, "num_statements": 4, "percent_covered": 100.0, "percent_covered_display": "100", "missing_lines": 0, "excluded_lines": 0}, "missing_lines": [], "excluded_lines": []}, "DataLoader.load_all": {"executed_lines": [252, 255, 257, 259, 260, 263, 264, 266, 267, 269, 270, 272, 273, 276, 277, 278, 281, 283], "summary": {"covered_lines": 18, "num_statements": 18, "percent_covered": 100.0, "percent_covered_display": "100", "missing_lines": 0, "excluded_lines": 0}, "missing_lines": [], "excluded_lines": []}, "main": {"executed_lines": [], "summary": {"covered_lines": 0, "num_statements": 28, "percent_covered": 0.0, "percent_covered_display": "0", "missing_lines": 28, "excluded_lines": 0}, "missing_lines": [288, 291, 292, 293, 294, 295, 297, 298, 301, 302, 303, 305, 306, 307, 308, 310, 313, 314, 315, 318, 319, 320, 321, 322, 324, 325, 326, 327], "excluded_lines": []}, "": {"executed_lines": [1, 6, 7, 8, 9, 10, 11, 13, 14, 17, 18, 20, 29, 122, 147, 175, 203, 238, 250, 286, 330], "summary": {"covered_lines": 19, "num_statements": 20, "percent_covered": 95.0, "percent_covered_display": "95", "missing_lines": 1, "excluded_lines": 0}, "missing_lines": [331], "excluded_lines": []}}, "classes": {"DataLoader": {"executed_lines": [22, 23, 26, 27, 31, 34, 50, 69, 84, 102, 114, 115, 116, 117, 118, 120, 124, 126, 127, 145, 149, 151, 152, 173, 177, 179, 181, 182, 183, 185, 201, 205, 207, 209, 210, 211, 213, 214, 215, 217, 236, 241, 244, 245, 248, 252, 255, 257, 259, 260, 263, 264, 266, 267, 269, 270, 272, 273, 276, 277, 278, 281, 283], "summary": {"covered_lines": 63, "num_statements": 63, "percent_covered": 100.0, "percent_covered_display": "100", "missing_lines": 0, "excluded_lines": 0}, "missing_lines": [], "excluded_lines": []}, "": {"executed_lines": [1, 6, 7, 8, 9, 10, 11, 13, 14, 17, 18, 20, 29, 122, 147, 175, 203, 238, 250, 286, 330], "summary": {"covered_lines": 19, "num_statements": 48, "percent_covered": 39.583333333333336, "percent_covered_display": "40", "missing_lines": 29, "excluded_lines": 0}, "missing_lines": [288, 291, 292, 293, 294, 295, 297, 298, 301, 302, 303, 305, 306, 307, 308, 310, 313, 314, 315, 318, 319, 320, 321, 322, 324, 325, 326, 327, 331], "excluded_lines": []}}}, "ingest/schemas.py": {"executed_lines": [1, 6, 7, 8, 9, 13, 14, 15, 16, 17, 18, 21, 22, 23, 24, 25, 26, 29, 30, 31, 32, 33, 36, 37, 38, 39, 40, 41, 44, 45, 46, 47, 48, 51, 52, 53, 54, 55, 56, 60, 61, 62, 63, 64, 65, 66, 69, 70, 71, 72, 73, 75, 76, 77, 78, 80, 83, 84, 85, 86, 87, 88, 91, 92, 93, 96, 97, 98, 99, 100, 102, 103, 104, 105, 106, 107, 110, 111, 112, 113, 116, 117, 118, 119, 122, 123, 126, 129, 130, 132, 133, 134, 135, 136, 137, 140, 141, 142, 143, 144, 147, 148, 151, 152, 153, 156, 157, 159, 160, 161, 162, 164, 167, 168, 169, 170, 171, 172, 173, 175, 176, 177, 178, 180, 184, 204, 210, 215], "summary": {"covered_lines": 116, "num_statements": 119, "percent_covered": 97.47899159663865, "percent_covered_display": "97", "missing_lines": 3, "excluded_lines": 0}, "missing_lines": [79, 163, 179], "excluded_lines": [], "functions": {"User.validate_age": {"executed_lines": [78, 80], "summary": {"covered_lines": 2, "num_statements": 3, "percent_covered": 66.66666666666667, "percent_covered_display": "67", "missing_lines": 1, "excluded_lines": 0}, "missing_lines": [79], "excluded_lines": []}, "Account.validate_balance": {"executed_lines": [105, 106, 107], "summary": {"covered_lines": 3, "num_statements": 3, "percent_covered": 100.0, "percent_covered_display": "100", "missing_lines": 0, "excluded_lines": 0}, "missing_lines": [], "excluded_lines": []}, "Transaction.validate_amount": {"executed_lines": [135, 136, 137], "summary": {"covered_lines": 3, "num_statements": 3, "percent_covered": 100.0, "percent_covered_display": "100", "missing_lines": 0, "excluded_lines": 0}, "missing_lines": [], "excluded_lines": []}, "Liability.validate_apr": {"executed_lines": [162, 164], "summary": {"covered_lines": 2, "num_statements": 3, "percent_covered": 66.66666666666667, "percent_covered_display": "67", "missing_lines": 1, "excluded_lines": 0}, "missing_lines": [163], "excluded_lines": []}, "DataGenerationConfig.validate_num_users": {"executed_lines": [178, 180], "summary": {"covered_lines": 2, "num_statements": 3, "percent_covered": 66.66666666666667, "percent_covered_display": "67", "missing_lines": 1, "excluded_lines": 0}, "missing_lines": [179], "excluded_lines": []}, "": {"executed_lines": [1, 6, 7, 8, 9, 13, 14, 15, 16, 17, 18, 21, 22, 23, 24, 25, 26, 29, 30, 31, 32, 33, 36, 37, 38, 39, 40, 41, 44, 45, 46, 47, 48, 51, 52, 53, 54, 55, 56, 60, 61, 62, 63, 64, 65, 66, 69, 70, 71, 72, 73, 75, 76, 77, 83, 84, 85, 86, 87, 88, 91, 92, 93, 96, 97, 98, 99, 100, 102, 103, 104, 110, 111, 112, 113, 116, 117, 118, 119, 122, 123, 126, 129, 130, 132, 133, 134, 140, 141, 142, 143, 144, 147, 148, 151, 152, 153, 156, 157, 159, 160, 161, 167, 168, 169, 170, 171, 172, 173, 175, 176, 177, 184, 204, 210, 215], "summary": {"covered_lines": 104, "num_statements": 104, "percent_covered": 100.0, "percent_covered_display": "100", "missing_lines": 0, "excluded_lines": 0}, "missing_lines": [], "excluded_lines": []}}, "classes": {"AccountType": {"executed_lines": [], "summary": {"covered_lines": 0, "num_statements": 0, "percent_covered": 100.0, "percent_covered_display": "100", "missing_lines": 0, "excluded_lines": 0}, "missing_lines": [], "excluded_lines": []}, "AccountSubtype": {"executed_lines": [], "summary": {"covered_lines": 0, "num_statements": 0, "percent_covered": 100.0, "percent_covered_display": "100", "missing_lines": 0, "excluded_lines": 0}, "missing_lines": [], "excluded_lines": []}, "PaymentChannel": {"executed_lines": [], "summary": {"covered_lines": 0, "num_statements": 0, "percent_covered": 100.0, "percent_covered_display": "100", "missing_lines": 0, "excluded_lines": 0}, "missing_lines": [], "excluded_lines": []}, "Gender": {"executed_lines": [], "summary": {"covered_lines": 0, "num_statements": 0, "percent_covered": 100.0, "percent_covered_display": "100", "missing_lines": 0, "excluded_lines": 0}, "missing_lines": [], "excluded_lines": []}, "IncomeTier": {"executed_lines": [], "summary": {"covered_lines": 0, "num_statements": 0, "percent_covered": 100.0, "percent_covered_display": "100", "missing_lines": 0, "excluded_lines": 0}, "missing_lines": [], "excluded_lines": []}, "Region": {"executed_lines": [], "summary": {"covered_lines": 0, "num_statements": 0, "percent_covered": 100.0, "percent_covered_display": "100", "missing_lines": 0, "excluded_lines": 0}, "missing_lines": [], "excluded_lines": []}, "User": {"executed_lines": [78, 80], "summary": {"covered_lines": 2, "num_statements": 3, "percent_covered": 66.66666666666667, "percent_covered_display": "67", "missing_lines": 1, "excluded_lines": 0}, "missing_lines": [79], "excluded_lines": []}, "Account": {"executed_lines": [105, 106, 107], "summary": {"covered_lines": 3, "num_statements": 3, "percent_covered": 100.0, "percent_covered_display": "100", "missing_lines": 0, "excluded_lines": 0}, "missing_lines": [], "excluded_lines": []}, "Transaction": {"executed_lines": [135, 136, 137], "summary": {"covered_lines": 3, "num_statements": 3, "percent_covered": 100.0, "percent_covered_display": "100", "missing_lines": 0, "excluded_lines": 0}, "missing_lines": [], "excluded_lines": []}, "Liability": {"executed_lines": [162, 164], "summary": {"covered_lines": 2, "num_statements": 3, "percent_covered": 66.66666666666667, "percent_covered_display": "67", "missing_lines": 1, "excluded_lines": 0}, "missing_lines": [163], "excluded_lines": []}, "DataGenerationConfig": {"executed_lines": [178, 180], "summary": {"covered_lines": 2, "num_statements": 3, "percent_covered": 66.66666666666667, "percent_covered_display": "67", "missing_lines": 1, "excluded_lines": 0}, "missing_lines": [179], "excluded_lines": []}, "": {"executed_lines": [1, 6, 7, 8, 9, 13, 14, 15, 16, 17, 18, 21, 22, 23, 24, 25, 26, 29, 30, 31, 32, 33, 36, 37, 38, 39, 40, 41, 44, 45, 46, 47, 48, 51, 52, 53, 54, 55, 56, 60, 61, 62, 63, 64, 65, 66, 69, 70, 71, 72, 73, 75, 76, 77, 83, 84, 85, 86, 87, 88, 91, 92, 93, 96, 97, 98, 99, 100, 102, 103, 104, 110, 111, 112, 113, 116, 117, 118, 119, 122, 123, 126, 129, 130, 132, 133, 134, 140, 141, 142, 143, 144, 147, 148, 151, 152, 153, 156, 157, 159, 160, 161, 167, 168, 169, 170, 171, 172, 173, 175, 176, 177, 184, 204, 210, 215], "summary": {"covered_lines": 104, "num_statements": 104, "percent_covered": 100.0, "percent_covered_display": "100", "missing_lines": 0, "excluded_lines": 0}, "missing_lines": [], "excluded_lines": []}}}, "ingest/validators.py": {"executed_lines": [1, 6, 7, 8, 10, 13, 14, 16, 17, 18, 19, 21, 30, 39, 41, 43, 45, 47, 80, 81, 83, 84, 86, 88, 90, 91, 92, 93, 96, 100, 120, 122, 124, 126, 127, 128, 129, 132, 136, 137, 140, 141, 142, 150, 152, 155, 156, 159, 160, 162, 163, 165, 166, 168, 169, 172, 176, 180, 184, 192, 194, 197, 198, 199, 201, 202, 204, 205, 206, 208, 209, 212, 215, 219, 223, 231, 233, 235, 238, 239, 241, 242, 244, 245, 247, 248, 251, 260, 263], "summary": {"covered_lines": 86, "num_statements": 137, "percent_covered": 62.77372262773723, "percent_covered_display": "63", "missing_lines": 51, "excluded_lines": 0}, "missing_lines": [23, 32, 49, 59, 60, 62, 63, 64, 65, 66, 67, 69, 70, 71, 72, 73, 74, 76, 77, 97, 102, 103, 109, 110, 116, 117, 133, 138, 143, 146, 147, 173, 177, 181, 185, 188, 189, 213, 216, 220, 224, 227, 228, 265, 266, 268, 269, 271, 272, 274, 276], "excluded_lines": [], "functions": {"ValidationReport.__init__": {"executed_lines": [17, 18, 19], "summary": {"covered_lines": 3, "num_statements": 3, "percent_covered": 100.0, "percent_covered_display": "100", "missing_lines": 0, "excluded_lines": 0}, "missing_lines": [], "excluded_lines": []}, "ValidationReport.add_error": {"executed_lines": [], "summary": {"covered_lines": 0, "num_statements": 1, "percent_covered": 0.0, "percent_covered_display": "0", "missing_lines": 1, "excluded_lines": 0}, "missing_lines": [23], "excluded_lines": []}, "ValidationReport.add_warning": {"executed_lines": [], "summary": {"covered_lines": 0, "num_statements": 1, "percent_covered": 0.0, "percent_covered_display": "0", "missing_lines": 1, "excluded_lines": 0}, "missing_lines": [32], "excluded_lines": []}, "ValidationReport.set_stats": {"executed_lines": [41], "summary": {"covered_lines": 1, "num_statements": 1, "percent_covered": 100.0, "percent_covered_display": "100", "missing_lines": 0, "excluded_lines": 0}, "missing_lines": [], "excluded_lines": []}, "ValidationReport.is_valid": {"executed_lines": [45], "summary": {"covered_lines": 1, "num_statements": 1, "percent_covered": 100.0, "percent_covered_display": "100", "missing_lines": 0, "excluded_lines": 0}, "missing_lines": [], "excluded_lines": []}, "ValidationReport.summary": {"executed_lines": [], "summary": {"covered_lines": 0, "num_statements": 17, "percent_covered": 0.0, "percent_covered_display": "0", "missing_lines": 17, "excluded_lines": 0}, "missing_lines": [49, 59, 60, 62, 63, 64, 65, 66, 67, 69, 70, 71, 72, 73, 74, 76, 77], "excluded_lines": []}, "DataValidator.__init__": {"executed_lines": [84], "summary": {"covered_lines": 1, "num_statements": 1, "percent_covered": 100.0, "percent_covered_display": "100", "missing_lines": 0, "excluded_lines": 0}, "missing_lines": [], "excluded_lines": []}, "DataValidator.validate_users": {"executed_lines": [88, 90, 91, 92, 93, 96, 100, 120], "summary": {"covered_lines": 8, "num_statements": 15, "percent_covered": 53.333333333333336, "percent_covered_display": "53", "missing_lines": 7, "excluded_lines": 0}, "missing_lines": [97, 102, 103, 109, 110, 116, 117], "excluded_lines": []}, "DataValidator.validate_accounts": {"executed_lines": [124, 126, 127, 128, 129, 132, 136, 137, 140, 141, 142, 150], "summary": {"covered_lines": 12, "num_statements": 17, "percent_covered": 70.58823529411765, "percent_covered_display": "71", "missing_lines": 5, "excluded_lines": 0}, "missing_lines": [133, 138, 143, 146, 147], "excluded_lines": []}, "DataValidator.validate_transactions": {"executed_lines": [155, 156, 159, 160, 162, 163, 165, 166, 168, 169, 172, 176, 180, 184, 192], "summary": {"covered_lines": 15, "num_statements": 21, "percent_covered": 71.42857142857143, "percent_covered_display": "71", "missing_lines": 6, "excluded_lines": 0}, "missing_lines": [173, 177, 181, 185, 188, 189], "excluded_lines": []}, "DataValidator.validate_liabilities": {"executed_lines": [197, 198, 199, 201, 202, 204, 205, 206, 208, 209, 212, 215, 219, 223, 231], "summary": {"covered_lines": 15, "num_statements": 21, "percent_covered": 71.42857142857143, "percent_covered_display": "71", "missing_lines": 6, "excluded_lines": 0}, "missing_lines": [213, 216, 220, 224, 227, 228], "excluded_lines": []}, "DataValidator.validate_all": {"executed_lines": [235, 238, 239, 241, 242, 244, 245, 247, 248, 251, 260], "summary": {"covered_lines": 11, "num_statements": 11, "percent_covered": 100.0, "percent_covered_display": "100", "missing_lines": 0, "excluded_lines": 0}, "missing_lines": [], "excluded_lines": []}, "validate_data_file": {"executed_lines": [], "summary": {"covered_lines": 0, "num_statements": 8, "percent_covered": 0.0, "percent_covered_display": "0", "missing_lines": 8, "excluded_lines": 0}, "missing_lines": [265, 266, 268, 269, 271, 272, 274, 276], "excluded_lines": []}, "": {"executed_lines": [1, 6, 7, 8, 10, 13, 14, 16, 21, 30, 39, 43, 47, 80, 81, 83, 86, 122, 152, 194, 233, 263], "summary": {"covered_lines": 19, "num_statements": 19, "percent_covered": 100.0, "percent_covered_display": "100", "missing_lines": 0, "excluded_lines": 0}, "missing_lines": [], "excluded_lines": []}}, "classes": {"ValidationReport": {"executed_lines": [17, 18, 19, 41, 45], "summary": {"covered_lines": 5, "num_statements": 24, "percent_covered": 20.833333333333332, "percent_covered_display": "21", "missing_lines": 19, "excluded_lines": 0}, "missing_lines": [23, 32, 49, 59, 60, 62, 63, 64, 65, 66, 67, 69, 70, 71, 72, 73, 74, 76, 77], "excluded_lines": []}, "DataValidator": {"executed_lines": [84, 88, 90, 91, 92, 93, 96, 100, 120, 124, 126, 127, 128, 129, 132, 136, 137, 140, 141, 142, 150, 155, 156, 159, 160, 162, 163, 165, 166, 168, 169, 172, 176, 180, 184, 192, 197, 198, 199, 201, 202, 204, 205, 206, 208, 209, 212, 215, 219, 223, 231, 235, 238, 239, 241, 242, 244, 245, 247, 248, 251, 260], "summary": {"covered_lines": 62, "num_statements": 86, "percent_covered": 72.09302325581395, "percent_covered_display": "72", "missing_lines": 24, "excluded_lines": 0}, "missing_lines": [97, 102, 103, 109, 110, 116, 117, 133, 138, 143, 146, 147, 173, 177, 181, 185, 188, 189, 213, 216, 220, 224, 227, 228], "excluded_lines": []}, "": {"executed_lines": [1, 6, 7, 8, 10, 13, 14, 16, 21, 30, 39, 43, 47, 80, 81, 83, 86, 122, 152, 194, 233, 263], "summary": {"covered_lines": 19, "num_statements": 27, "percent_covered": 70.37037037037037, "percent_covered_display": "70", "missing_lines": 8, "excluded_lines": 0}, "missing_lines": [265, 266, 268, 269, 271, 272, 274, 276], "excluded_lines": []}}}, "personas/__init__.py": {"executed_lines": [1, 6, 15, 25], "summary": {"covered_lines": 3, "num_statements": 5, "percent_covered": 60.0, "percent_covered_display": "60", "missing_lines": 2, "excluded_lines": 0}, "missing_lines": [27, 28], "excluded_lines": [], "functions": {"": {"executed_lines": [1, 6, 15, 25], "summary": {"covered_lines": 3, "num_statements": 5, "percent_covered": 60.0, "percent_covered_display": "60", "missing_lines": 2, "excluded_lines": 0}, "missing_lines": [27, 28], "excluded_lines": []}}, "classes": {"": {"executed_lines": [1, 6, 15, 25], "summary": {"covered_lines": 3, "num_statements": 5, "percent_covered": 60.0, "percent_covered_display": "60", "missing_lines": 2, "excluded_lines": 0}, "missing_lines": [27, 28], "excluded_lines": []}}}, "personas/assignment.py": {"executed_lines": [1, 8, 9, 10, 11, 12, 13, 14, 16, 19, 31, 34, 35, 36, 39, 40, 41, 44, 45, 49, 50, 51, 54, 56, 59, 71, 74, 75, 76, 79, 80, 81, 84, 86, 89, 101, 104, 105, 106, 109, 110, 112, 113, 115, 116, 119, 120, 125, 127, 130, 142, 145, 146, 147, 150, 151, 152, 155, 156, 158, 159, 162, 167, 169, 172, 190, 198, 199, 201, 203, 204, 205, 207, 208, 215, 216, 223, 239, 240, 241, 244, 245, 246, 247, 249, 258, 260, 263, 264, 267, 270, 272, 273, 276, 277, 278, 279, 280, 281, 282, 283, 284, 285, 286, 288, 291, 300, 301, 303, 306, 307, 308, 316, 324, 325, 328], "summary": {"covered_lines": 115, "num_statements": 125, "percent_covered": 92.0, "percent_covered_display": "92", "missing_lines": 10, "excluded_lines": 0}, "missing_lines": [46, 310, 330, 331, 332, 333, 335, 337, 338, 339], "excluded_lines": [], "functions": {"check_high_utilization": {"executed_lines": [31, 34, 35, 36, 39, 40, 41, 44, 45, 49, 50, 51, 54, 56], "summary": {"covered_lines": 14, "num_statements": 15, "percent_covered": 93.33333333333333, "percent_covered_display": "93", "missing_lines": 1, "excluded_lines": 0}, "missing_lines": [46], "excluded_lines": []}, "check_variable_income": {"executed_lines": [71, 74, 75, 76, 79, 80, 81, 84, 86], "summary": {"covered_lines": 9, "num_statements": 9, "percent_covered": 100.0, "percent_covered_display": "100", "missing_lines": 0, "excluded_lines": 0}, "missing_lines": [], "excluded_lines": []}, "check_subscription_heavy": {"executed_lines": [101, 104, 105, 106, 109, 110, 112, 113, 115, 116, 119, 120, 125, 127], "summary": {"covered_lines": 14, "num_statements": 14, "percent_covered": 100.0, "percent_covered_display": "100", "missing_lines": 0, "excluded_lines": 0}, "missing_lines": [], "excluded_lines": []}, "check_savings_builder": {"executed_lines": [142, 145, 146, 147, 150, 151, 152, 155, 156, 158, 159, 162, 167, 169], "summary": {"covered_lines": 14, "num_statements": 14, "percent_covered": 100.0, "percent_covered_display": "100", "missing_lines": 0, "excluded_lines": 0}, "missing_lines": [], "excluded_lines": []}, "assign_persona": {"executed_lines": [190, 198, 199, 201, 203, 204, 205, 207, 208, 215, 216], "summary": {"covered_lines": 11, "num_statements": 11, "percent_covered": 100.0, "percent_covered_display": "100", "missing_lines": 0, "excluded_lines": 0}, "missing_lines": [], "excluded_lines": []}, "assign_all_personas": {"executed_lines": [239, 240, 241, 244, 245, 246, 247, 249, 258, 260, 263, 264, 267, 270, 272, 273, 276, 277, 278, 279, 280, 281, 282, 283, 284, 285, 286, 288], "summary": {"covered_lines": 28, "num_statements": 28, "percent_covered": 100.0, "percent_covered_display": "100", "missing_lines": 0, "excluded_lines": 0}, "missing_lines": [], "excluded_lines": []}, "update_trace_file": {"executed_lines": [300, 301, 303, 306, 307, 308, 316, 324, 325], "summary": {"covered_lines": 9, "num_statements": 10, "percent_covered": 90.0, "percent_covered_display": "90", "missing_lines": 1, "excluded_lines": 0}, "missing_lines": [310], "excluded_lines": []}, "": {"executed_lines": [1, 8, 9, 10, 11, 12, 13, 14, 16, 19, 59, 89, 130, 172, 223, 291, 328], "summary": {"covered_lines": 16, "num_statements": 24, "percent_covered": 66.66666666666667, "percent_covered_display": "67", "missing_lines": 8, "excluded_lines": 0}, "missing_lines": [330, 331, 332, 333, 335, 337, 338, 339], "excluded_lines": []}}, "classes": {"": {"executed_lines": [1, 8, 9, 10, 11, 12, 13, 14, 16, 19, 31, 34, 35, 36, 39, 40, 41, 44, 45, 49, 50, 51, 54, 56, 59, 71, 74, 75, 76, 79, 80, 81, 84, 86, 89, 101, 104, 105, 106, 109, 110, 112, 113, 115, 116, 119, 120, 125, 127, 130, 142, 145, 146, 147, 150, 151, 152, 155, 156, 158, 159, 162, 167, 169, 172, 190, 198, 199, 201, 203, 204, 205, 207, 208, 215, 216, 223, 239, 240, 241, 244, 245, 246, 247, 249, 258, 260, 263, 264, 267, 270, 272, 273, 276, 277, 278, 279, 280, 281, 282, 283, 284, 285, 286, 288, 291, 300, 301, 303, 306, 307, 308, 316, 324, 325, 328], "summary": {"covered_lines": 115, "num_statements": 125, "percent_covered": 92.0, "percent_covered_display": "92", "missing_lines": 10, "excluded_lines": 0}, "missing_lines": [46, 310, 330, 331, 332, 333, 335, 337, 338, 339], "excluded_lines": []}}}, "recommend/__init__.py": {"executed_lines": [0], "summary": {"covered_lines": 0, "num_statements": 0, "percent_covered": 100.0, "percent_covered_display": "100", "missing_lines": 0, "excluded_lines": 0}, "missing_lines": [], "excluded_lines": [], "functions": {"": {"executed_lines": [], "summary": {"covered_lines": 0, "num_statements": 0, "percent_covered": 100.0, "percent_covered_display": "100", "missing_lines": 0, "excluded_lines": 0}, "missing_lines": [], "excluded_lines": []}}, "classes": {"": {"executed_lines": [], "summary": {"covered_lines": 0, "num_statements": 0, "percent_covered": 100.0, "percent_covered_display": "100", "missing_lines": 0, "excluded_lines": 0}, "missing_lines": [], "excluded_lines": []}}}, "recommend/content_catalog.py": {"executed_lines": [1, 15, 22, 178, 322, 332, 335, 345, 348], "summary": {"covered_lines": 8, "num_statements": 9, "percent_covered": 88.88888888888889, "percent_covered_display": "89", "missing_lines": 1, "excluded_lines": 0}, "missing_lines": [355], "excluded_lines": [], "functions": {"get_education_items": {"executed_lines": [332], "summary": {"covered_lines": 1, "num_statements": 1, "percent_covered": 100.0, "percent_covered_display": "100", "missing_lines": 0, "excluded_lines": 0}, "missing_lines": [], "excluded_lines": []}, "get_partner_offers": {"executed_lines": [345], "summary": {"covered_lines": 1, "num_statements": 1, "percent_covered": 100.0, "percent_covered_display": "100", "missing_lines": 0, "excluded_lines": 0}, "missing_lines": [], "excluded_lines": []}, "get_all_personas": {"executed_lines": [], "summary": {"covered_lines": 0, "num_statements": 1, "percent_covered": 0.0, "percent_covered_display": "0", "missing_lines": 1, "excluded_lines": 0}, "missing_lines": [355], "excluded_lines": []}, "": {"executed_lines": [1, 15, 22, 178, 322, 335, 348], "summary": {"covered_lines": 6, "num_statements": 6, "percent_covered": 100.0, "percent_covered_display": "100", "missing_lines": 0, "excluded_lines": 0}, "missing_lines": [], "excluded_lines": []}}, "classes": {"": {"executed_lines": [1, 15, 22, 178, 322, 332, 335, 345, 348], "summary": {"covered_lines": 8, "num_statements": 9, "percent_covered": 88.88888888888889, "percent_covered_display": "89", "missing_lines": 1, "excluded_lines": 0}, "missing_lines": [355], "excluded_lines": []}}}, "recommend/engine.py": {"executed_lines": [1, 20, 21, 22, 23, 24, 25, 26, 28, 34, 38, 39, 43, 44, 45, 48, 67, 70, 71, 82, 83, 84, 95, 98, 101, 104, 105, 110, 113, 129, 130, 131, 132, 133, 134, 137, 139, 142, 156, 159, 161, 164, 165, 166, 167, 168, 169, 175, 180, 181, 182, 190, 193, 196, 197, 198, 199, 202, 203, 204, 205, 207, 208, 209, 216, 217, 219, 221, 222, 224, 225, 226, 227, 228, 234, 237, 250, 251, 254, 255, 256, 257, 260, 261, 264, 267, 268, 269, 272, 282, 285, 298, 299, 300, 303, 306, 311, 312, 313, 314, 317, 318, 320, 323, 324, 325, 328, 338, 341, 355, 358, 359, 360, 361, 363, 364, 365, 366, 368, 371, 372, 375, 380, 385, 390, 395, 400, 401, 402, 405, 406, 407, 410, 411, 412, 413, 415, 418, 436, 439, 440, 441, 442, 443, 444, 447, 448, 449, 451, 455, 456, 459, 460, 463, 464, 465, 466, 468, 469, 470, 473, 474, 475, 476, 479, 484, 490, 496, 497, 498, 499, 501, 506, 512, 513, 514, 515, 518, 519, 522, 525, 539, 540, 541, 544, 547, 549, 550, 552, 553, 554, 555, 558, 559, 560, 561, 562, 564, 565, 568, 569, 570, 571, 573, 574, 576, 578, 579, 582, 583, 584, 587, 588, 589, 592, 593, 594, 597, 598, 599, 601, 604, 614, 615, 617, 620, 631, 632, 634, 637, 638, 639, 644, 655, 656, 659, 705, 744, 755, 756, 758, 760, 761, 762, 765, 768, 775], "summary": {"covered_lines": 246, "num_statements": 319, "percent_covered": 77.11598746081505, "percent_covered_display": "77", "missing_lines": 73, "excluded_lines": 0}, "missing_lines": [107, 171, 172, 186, 187, 211, 213, 230, 232, 307, 308, 373, 376, 377, 378, 381, 382, 383, 386, 387, 388, 391, 392, 393, 396, 397, 398, 403, 408, 452, 471, 480, 481, 482, 485, 486, 487, 491, 492, 493, 502, 503, 504, 507, 508, 509, 520, 641, 670, 673, 674, 675, 677, 680, 681, 684, 701, 702, 713, 716, 717, 718, 720, 723, 724, 727, 735, 736, 769, 770, 771, 772, 773], "excluded_lines": [], "functions": {"generate_recommendations": {"executed_lines": [67, 70, 71, 82, 83, 84, 95, 98, 101, 104, 105, 110, 113, 129, 130, 131, 132, 133, 134, 137, 139], "summary": {"covered_lines": 21, "num_statements": 22, "percent_covered": 95.45454545454545, "percent_covered_display": "95", "missing_lines": 1, "excluded_lines": 0}, "missing_lines": [107], "excluded_lines": []}, "_load_user_context": {"executed_lines": [156, 159, 161, 164, 165, 166, 167, 168, 169, 175, 180, 181, 182, 190, 193, 196, 197, 198, 199, 202, 203, 204, 205, 207, 208, 209, 216, 217, 219, 221, 222, 224, 225, 226, 227, 228, 234], "summary": {"covered_lines": 37, "num_statements": 45, "percent_covered": 82.22222222222223, "percent_covered_display": "82", "missing_lines": 8, "excluded_lines": 0}, "missing_lines": [171, 172, 186, 187, 211, 213, 230, 232], "excluded_lines": []}, "_select_education_items": {"executed_lines": [250, 251, 254, 255, 256, 257, 260, 261, 264, 267, 268, 269, 272, 282], "summary": {"covered_lines": 14, "num_statements": 14, "percent_covered": 100.0, "percent_covered_display": "100", "missing_lines": 0, "excluded_lines": 0}, "missing_lines": [], "excluded_lines": []}, "_select_partner_offers": {"executed_lines": [298, 299, 300, 303, 306, 311, 312, 313, 314, 317, 318, 320, 323, 324, 325, 328, 338], "summary": {"covered_lines": 17, "num_statements": 19, "percent_covered": 89.47368421052632, "percent_covered_display": "89", "missing_lines": 2, "excluded_lines": 0}, "missing_lines": [307, 308], "excluded_lines": []}, "_check_content_eligibility": {"executed_lines": [355, 358, 359, 360, 361, 363, 364, 365, 366, 368, 371, 372, 375, 380, 385, 390, 395, 400, 401, 402, 405, 406, 407, 410, 411, 412, 413, 415], "summary": {"covered_lines": 28, "num_statements": 46, "percent_covered": 60.869565217391305, "percent_covered_display": "61", "missing_lines": 18, "excluded_lines": 0}, "missing_lines": [373, 376, 377, 378, 381, 382, 383, 386, 387, 388, 391, 392, 393, 396, 397, 398, 403, 408], "excluded_lines": []}, "_check_offer_eligibility": {"executed_lines": [436, 439, 440, 441, 442, 443, 444, 447, 448, 449, 451, 455, 456, 459, 460, 463, 464, 465, 466, 468, 469, 470, 473, 474, 475, 476, 479, 484, 490, 496, 497, 498, 499, 501, 506, 512, 513, 514, 515, 518, 519, 522], "summary": {"covered_lines": 42, "num_statements": 60, "percent_covered": 70.0, "percent_covered_display": "70", "missing_lines": 18, "excluded_lines": 0}, "missing_lines": [452, 471, 480, 481, 482, 485, 486, 487, 491, 492, 493, 502, 503, 504, 507, 508, 509, 520], "excluded_lines": []}, "_format_rationale": {"executed_lines": [539, 540, 541, 544, 547, 549, 550, 552, 553, 554, 555, 558, 559, 560, 561, 562, 564, 565, 568, 569, 570, 571, 573, 574, 576, 578, 579, 582, 583, 584, 587, 588, 589, 592, 593, 594, 597, 598, 599, 601], "summary": {"covered_lines": 40, "num_statements": 40, "percent_covered": 100.0, "percent_covered_display": "100", "missing_lines": 0, "excluded_lines": 0}, "missing_lines": [], "excluded_lines": []}, "_append_disclaimer": {"executed_lines": [614, 615, 617], "summary": {"covered_lines": 3, "num_statements": 3, "percent_covered": 100.0, "percent_covered_display": "100", "missing_lines": 0, "excluded_lines": 0}, "missing_lines": [], "excluded_lines": []}, "_save_trace": {"executed_lines": [631, 632, 634, 637, 638, 639, 644, 655, 656], "summary": {"covered_lines": 9, "num_statements": 10, "percent_covered": 90.0, "percent_covered_display": "90", "missing_lines": 1, "excluded_lines": 0}, "missing_lines": [641], "excluded_lines": []}, "_log_blocked_offers": {"executed_lines": [], "summary": {"covered_lines": 0, "num_statements": 10, "percent_covered": 0.0, "percent_covered_display": "0", "missing_lines": 10, "excluded_lines": 0}, "missing_lines": [670, 673, 674, 675, 677, 680, 681, 684, 701, 702], "excluded_lines": []}, "_log_tone_violations": {"executed_lines": [], "summary": {"covered_lines": 0, "num_statements": 10, "percent_covered": 0.0, "percent_covered_display": "0", "missing_lines": 10, "excluded_lines": 0}, "missing_lines": [713, 716, 717, 718, 720, 723, 724, 727, 735, 736], "excluded_lines": []}, "generate_all_recommendations": {"executed_lines": [755, 756, 758, 760, 761, 762, 765, 768, 775], "summary": {"covered_lines": 9, "num_statements": 14, "percent_covered": 64.28571428571429, "percent_covered_display": "64", "missing_lines": 5, "excluded_lines": 0}, "missing_lines": [769, 770, 771, 772, 773], "excluded_lines": []}, "": {"executed_lines": [1, 20, 21, 22, 23, 24, 25, 26, 28, 34, 38, 39, 43, 44, 45, 48, 142, 237, 285, 341, 418, 525, 604, 620, 659, 705, 744], "summary": {"covered_lines": 26, "num_statements": 26, "percent_covered": 100.0, "percent_covered_display": "100", "missing_lines": 0, "excluded_lines": 0}, "missing_lines": [], "excluded_lines": []}}, "classes": {"": {"executed_lines": [1, 20, 21, 22, 23, 24, 25, 26, 28, 34, 38, 39, 43, 44, 45, 48, 67, 70, 71, 82, 83, 84, 95, 98, 101, 104, 105, 110, 113, 129, 130, 131, 132, 133, 134, 137, 139, 142, 156, 159, 161, 164, 165, 166, 167, 168, 169, 175, 180, 181, 182, 190, 193, 196, 197, 198, 199, 202, 203, 204, 205, 207, 208, 209, 216, 217, 219, 221, 222, 224, 225, 226, 227, 228, 234, 237, 250, 251, 254, 255, 256, 257, 260, 261, 264, 267, 268, 269, 272, 282, 285, 298, 299, 300, 303, 306, 311, 312, 313, 314, 317, 318, 320, 323, 324, 325, 328, 338, 341, 355, 358, 359, 360, 361, 363, 364, 365, 366, 368, 371, 372, 375, 380, 385, 390, 395, 400, 401, 402, 405, 406, 407, 410, 411, 412, 413, 415, 418, 436, 439, 440, 441, 442, 443, 444, 447, 448, 449, 451, 455, 456, 459, 460, 463, 464, 465, 466, 468, 469, 470, 473, 474, 475, 476, 479, 484, 490, 496, 497, 498, 499, 501, 506, 512, 513, 514, 515, 518, 519, 522, 525, 539, 540, 541, 544, 547, 549, 550, 552, 553, 554, 555, 558, 559, 560, 561, 562, 564, 565, 568, 569, 570, 571, 573, 574, 576, 578, 579, 582, 583, 584, 587, 588, 589, 592, 593, 594, 597, 598, 599, 601, 604, 614, 615, 617, 620, 631, 632, 634, 637, 638, 639, 644, 655, 656, 659, 705, 744, 755, 756, 758, 760, 761, 762, 765, 768, 775], "summary": {"covered_lines": 246, "num_statements": 319, "percent_covered": 77.11598746081505, "percent_covered_display": "77", "missing_lines": 73, "excluded_lines": 0}, "missing_lines": [107, 171, 172, 186, 187, 211, 213, 230, 232, 307, 308, 373, 376, 377, 378, 381, 382, 383, 386, 387, 388, 391, 392, 393, 396, 397, 398, 403, 408, 452, 471, 480, 481, 482, 485, 486, 487, 491, 492, 493, 502, 503, 504, 507, 508, 509, 520, 641, 670, 673, 674, 675, 677, 680, 681, 684, 701, 702, 713, 716, 717, 718, 720, 723, 724, 727, 735, 736, 769, 770, 771, 772, 773], "excluded_lines": []}}}, "ui/__init__.py": {"executed_lines": [0], "summary": {"covered_lines": 0, "num_statements": 0, "percent_covered": 100.0, "percent_covered_display": "100", "missing_lines": 0, "excluded_lines": 0}, "missing_lines": [], "excluded_lines": [], "functions": {"": {"executed_lines": [], "summary": {"covered_lines": 0, "num_statements": 0, "percent_covered": 100.0, "percent_covered_display": "100", "missing_lines": 0, "excluded_lines": 0}, "missing_lines": [], "excluded_lines": []}}, "classes": {"": {"executed_lines": [], "summary": {"covered_lines": 0, "num_statements": 0, "percent_covered": 100.0, "percent_covered_display": "100", "missing_lines": 0, "excluded_lines": 0}, "missing_lines": [], "excluded_lines": []}}}, "ui/app_operator.py": {"executed_lines": [1, 26, 27, 28, 29, 30, 31, 32, 33, 34, 37, 45, 46, 47, 48, 49, 52, 53, 54, 55, 56, 57, 68, 103, 112, 128, 150, 200, 212, 215, 216, 224, 225, 227,
[...]
": {"covered_lines": 0, "num_statements": 7, "percent_covered": 0.0, "percent_covered_display": "0", "missing_lines": 7, "excluded_lines": 0}, "missing_lines": [70, 71, 73, 75, 97, 98, 100], "excluded_lines": []}, "load_all_signals": {"executed_lines": [], "summary": {"covered_lines": 0, "num_statements": 4, "percent_covered": 0.0, "percent_covered_display": "0", "missing_lines": 4, "excluded_lines": 0}, "missing_lines": [105, 106, 108, 109], "excluded_lines": []}, "load_user_trace": {"executed_lines": [], "summary": {"covered_lines": 0, "num_statements": 10, "percent_covered": 0.0, "percent_covered_display": "0", "missing_lines": 10, "excluded_lines": 0}, "missing_lines": [114, 116, 117, 119, 120, 121, 122, 123, 124, 125], "excluded_lines": []}, "load_persona_distribution": {"executed_lines": [], "summary": {"covered_lines": 0, "num_statements": 6, "percent_covered": 0.0, "percent_covered_display": "0", "missing_lines": 6, "excluded_lines": 0}, "missing_lines": [130, 131, 133, 134, 145, 147], "excluded_lines": []}, "load_guardrail_summary": {"executed_lines": [], "summary": {"covered_lines": 0, "num_statements": 24, "percent_covered": 0.0, "percent_covered_display": "0", "missing_lines": 24, "excluded_lines": 0}, "missing_lines": [152, 160, 161, 163, 164, 166, 167, 168, 169, 172, 173, 176, 177, 180, 181, 182, 183, 184, 185, 186, 187, 189, 190, 192], "excluded_lines": []}, "log_operator_override": {"executed_lines": [212, 215, 216, 224, 225, 227, 230, 231, 232, 233, 236, 237, 239, 244, 245, 252, 253, 255, 259, 262, 270, 271, 273, 276, 279, 280, 286], "summary": {"covered_lines": 27, "num_statements": 38, "percent_covered": 71.05263157894737, "percent_covered_display": "71", "missing_lines": 11, "excluded_lines": 0}, "missing_lines": [240, 241, 247, 248, 249, 256, 257, 274, 282, 283, 284], "excluded_lines": []}, "render_sidebar": {"executed_lines": [], "summary": {"covered_lines": 0, "num_statements": 26, "percent_covered": 0.0, "percent_covered_display": "0", "missing_lines": 26, "excluded_lines": 0}, "missing_lines": [296, 297, 298, 299, 301, 304, 305, 311, 314, 315, 328, 331, 332, 334, 335, 336, 338, 339, 340, 341, 343, 345, 348, 349, 350, 352], "excluded_lines": []}, "render_overview_tab": {"executed_lines": [], "summary": {"covered_lines": 0, "num_statements": 54, "percent_covered": 0.0, "percent_covered_display": "0", "missing_lines": 54, "excluded_lines": 0}, "missing_lines": [362, 363, 366, 367, 368, 370, 371, 372, 373, 376, 377, 379, 380, 386, 387, 388, 389, 395, 396, 402, 403, 409, 412, 414, 416, 422, 429, 430, 431, 434, 436, 438, 446, 447, 448, 449, 450, 452, 458, 460, 463, 465, 467, 468, 469, 477, 478, 479, 487, 488, 489, 498, 499, 500], "excluded_lines": []}, "render_user_management_tab": {"executed_lines": [], "summary": {"covered_lines": 0, "num_statements": 58, "percent_covered": 0.0, "percent_covered_display": "0", "missing_lines": 58, "excluded_lines": 0}, "missing_lines": [510, 511, 514, 516, 517, 518, 521, 522, 524, 525, 531, 532, 533, 539, 540, 541, 547, 548, 549, 556, 558, 559, 560, 561, 563, 564, 566, 567, 569, 570, 572, 575, 578, 583, 586, 591, 607, 610, 611, 613, 615, 616, 617, 621, 622, 623, 624, 625, 626, 627, 629, 631, 633, 634, 635, 642, 643, 644], "excluded_lines": []}, "render_signals_tab": {"executed_lines": [], "summary": {"covered_lines": 0, "num_statements": 102, "percent_covered": 0.0, "percent_covered_display": "0", "missing_lines": 102, "excluded_lines": 0}, "missing_lines": [654, 655, 658, 660, 661, 662, 663, 666, 668, 670, 671, 672, 673, 679, 681, 682, 683, 684, 690, 692, 693, 694, 695, 701, 703, 704, 705, 706, 712, 714, 717, 720, 721, 723, 725, 727, 728, 729, 731, 737, 739, 741, 748, 749, 750, 752, 755, 756, 758, 760, 761, 763, 769, 771, 773, 780, 781, 782, 784, 787, 789, 791, 792, 798, 799, 805, 806, 807, 809, 812, 814, 815, 816, 822, 823, 826, 828, 829, 830, 831, 832, 833, 834, 836, 837, 838, 839, 840, 841, 843, 844, 845, 846, 847, 848, 849, 851, 852, 853, 854, 855, 856], "excluded_lines": []}, "render_recommendations_tab": {"executed_lines": [], "summary": {"covered_lines": 0, "num_statements": 137, "percent_covered": 0.0, "percent_covered_display": "0", "missing_lines": 137, "excluded_lines": 0}, "missing_lines": [866, 867, 869, 870, 871, 874, 876, 877, 878, 880, 882, 884, 885, 892, 893, 894, 895, 897, 898, 899, 901, 904, 906, 907, 909, 910, 911, 912, 913, 914, 917, 919, 921, 922, 924, 925, 927, 928, 929, 936, 937, 938, 940, 943, 945, 946, 948, 949, 950, 951, 953, 955, 957, 958, 960, 961, 963, 964, 966, 967, 969, 971, 974, 976, 978, 980, 981, 982, 984, 985, 986, 988, 990, 991, 993, 995, 998, 1000, 1002, 1003, 1004, 1005, 1006, 1008, 1015, 1016, 1018, 1020, 1021, 1022, 1023, 1025, 1026, 1027, 1028, 1031, 1032, 1033, 1035, 1036, 1038, 1040, 1041, 1042, 1043, 1050, 1051, 1052, 1053, 1054, 1056, 1058, 1060, 1061, 1062, 1063, 1066, 1067, 1068, 1070, 1071, 1073, 1075, 1076, 1077, 1078, 1085, 1086, 1087, 1088, 1089, 1091, 1093, 1095, 1096, 1097, 1098], "excluded_lines": []}, "render_trace_viewer_tab": {"executed_lines": [], "summary": {"covered_lines": 0, "num_statements": 115, "percent_covered": 0.0, "percent_covered_display": "0", "missing_lines": 115, "excluded_lines": 0}, "missing_lines": [1108, 1109, 1112, 1114, 1115, 1116, 1119, 1121, 1130, 1132, 1133, 1134, 1135, 1137, 1140, 1142, 1144, 1145, 1147, 1148, 1150, 1151, 1153, 1154, 1156, 1159, 1160, 1162, 1163, 1165, 1167, 1168, 1169, 1171, 1172, 1174, 1177, 1178, 1180, 1181, 1183, 1185, 1187, 1188, 1189, 1191, 1192, 1194, 1197, 1198, 1199, 1201, 1202, 1204, 1206, 1209, 1210, 1212, 1213, 1214, 1216, 1217, 1218, 1219, 1220, 1222, 1224, 1225, 1226, 1227, 1229, 1232, 1233, 1235, 1236, 1237, 1238, 1240, 1242, 1243, 1245, 1246, 1248, 1249, 1251, 1252, 1254, 1255, 1256, 1257, 1258, 1259, 1261, 1263, 1266, 1267, 1269, 1270, 1271, 1272, 1274, 1275, 1278, 1279, 1280, 1281, 1282, 1283, 1285, 1286, 1287, 1289, 1291, 1294, 1295], "excluded_lines": []}, "render_guardrails_tab": {"executed_lines": [], "summary": {"covered_lines": 0, "num_statements": 48, "percent_covered": 0.0, "percent_covered_display": "0", "missing_lines": 48, "excluded_lines": 0}, "missing_lines": [1305, 1306, 1309, 1312, 1314, 1316, 1317, 1323, 1324, 1330, 1331, 1332, 1340, 1341, 1342, 1350, 1353, 1355, 1357, 1358, 1361, 1362, 1363, 1364, 1366, 1371, 1373, 1375, 1378, 1380, 1382, 1383, 1386, 1387, 1389, 1390, 1392, 1394, 1397, 1399, 1401, 1403, 1405, 1406, 1408, 1412, 1416, 1428], "excluded_lines": []}, "main": {"executed_lines": [], "summary": {"covered_lines": 0, "num_statements": 18, "percent_covered": 0.0, "percent_covered_display": "0", "missing_lines": 18, "excluded_lines": 0}, "missing_lines": [1440, 1441, 1442, 1443, 1444, 1447, 1450, 1451, 1453, 1454, 1456, 1457, 1459, 1460, 1462, 1463, 1465, 1466], "excluded_lines": []}, "": {"executed_lines": [1, 26, 27, 28, 29, 30, 31, 32, 33, 34, 37, 45, 46, 47, 48, 49, 52, 53, 54, 55, 56, 57, 68, 103, 112, 128, 150, 200, 294, 360, 508, 652, 864, 1106, 1303, 1436, 1469], "summary": {"covered_lines": 36, "num_statements": 40, "percent_covered": 90.0, "percent_covered_display": "90", "missing_lines": 4, "excluded_lines": 0}, "missing_lines": [58, 59, 60, 1470], "excluded_lines": []}}, "classes": {"": {"executed_lines": [1, 26, 27, 28, 29, 30, 31, 32, 33, 34, 37, 45, 46, 47, 48, 49, 52, 53, 54, 55, 56, 57, 68, 103, 112, 128, 150, 200, 212, 215, 216, 224, 225, 227, 230, 231, 232, 233, 236, 237, 239, 244, 245, 252, 253, 255, 259, 262, 270, 271, 273, 276, 279, 280, 286, 294, 360, 508, 652, 864, 1106, 1303, 1436, 1469], "summary": {"covered_lines": 63, "num_statements": 687, "percent_covered": 9.170305676855895, "percent_covered_display": "9", "missing_lines": 624, "excluded_lines": 0}, "missing_lines": [58, 59, 60, 70, 71, 73, 75, 97, 98, 100, 105, 106, 108, 109, 114, 116, 117, 119, 120, 121, 122, 123, 124, 125, 130, 131, 133, 134, 145, 147, 152, 160, 161, 163, 164, 166, 167, 168, 169, 172, 173, 176, 177, 180, 181, 182, 183, 184, 185, 186, 187, 189, 190, 192, 240, 241, 247, 248, 249, 256, 257, 274, 282, 283, 284, 296, 297, 298, 299, 301, 304, 305, 311, 314, 315, 328, 331, 332, 334, 335, 336, 338, 339, 340, 341, 343, 345, 348, 349, 350, 352, 362, 363, 366, 367, 368, 370, 371, 372, 373, 376, 377, 379, 380, 386, 387, 388, 389, 395, 396, 402, 403, 409, 412, 414, 416, 422, 429, 430, 431, 434, 436, 438, 446, 447, 448, 449, 450, 452, 458, 460, 463, 465, 467, 468, 469, 477, 478, 479, 487, 488, 489, 498, 499, 500, 510, 511, 514, 516, 517, 518, 521, 522, 524, 525, 531, 532, 533, 539, 540, 541, 547, 548, 549, 556, 558, 559, 560, 561, 563, 564, 566, 567, 569, 570, 572, 575, 578, 583, 586, 591, 607, 610, 611, 613, 615, 616, 617, 621, 622, 623, 624, 625, 626, 627, 629, 631, 633, 634, 635, 642, 643, 644, 654, 655, 658, 660, 661, 662, 663, 666, 668, 670, 671, 672, 673, 679, 681, 682, 683, 684, 690, 692, 693, 694, 695, 701, 703, 704, 705, 706, 712, 714, 717, 720, 721, 723, 725, 727, 728, 729, 731, 737, 739, 741, 748, 749, 750, 752, 755, 756, 758, 760, 761, 763, 769, 771, 773, 780, 781, 782, 784, 787, 789, 791, 792, 798, 799, 805, 806, 807, 809, 812, 814, 815, 816, 822, 823, 826, 828, 829, 830, 831, 832, 833, 834, 836, 837, 838, 839, 840, 841, 843, 844, 845, 846, 847, 848, 849, 851, 852, 853, 854, 855, 856, 866, 867, 869, 870, 871, 874, 876, 877, 878, 880, 882, 884, 885, 892, 893, 894, 895, 897, 898, 899, 901, 904, 906, 907, 909, 910, 911, 912, 913, 914, 917, 919, 921, 922, 924, 925, 927, 928, 929, 936, 937, 938, 940, 943, 945, 946, 948, 949, 950, 951, 953, 955, 957, 958, 960, 961, 963, 964, 966, 967, 969, 971, 974, 976, 978, 980, 981, 982, 984, 985, 986, 988, 990, 991, 993, 995, 998, 1000, 1002, 1003, 1004, 1005, 1006, 1008, 1015, 1016, 1018, 1020, 1021, 1022, 1023, 1025, 1026, 1027, 1028, 1031, 1032, 1033, 1035, 1036, 1038, 1040, 1041, 1042, 1043, 1050, 1051, 1052, 1053, 1054, 1056, 1058, 1060, 1061, 1062, 1063, 1066, 1067, 1068, 1070, 1071, 1073, 1075, 1076, 1077, 1078, 1085, 1086, 1087, 1088, 1089, 1091, 1093, 1095, 1096, 1097, 1098, 1108, 1109, 1112, 1114, 1115, 1116, 1119, 1121, 1130, 1132, 1133, 1134, 1135, 1137, 1140, 1142, 1144, 1145, 1147, 1148, 1150, 1151, 1153, 1154, 1156, 1159, 1160, 1162, 1163, 1165, 1167, 1168, 1169, 1171, 1172, 1174, 1177, 1178, 1180, 1181, 1183, 1185, 1187, 1188, 1189, 1191, 1192, 1194, 1197, 1198, 1199, 1201, 1202, 1204, 1206, 1209, 1210, 1212, 1213, 1214, 1216, 1217, 1218, 1219, 1220, 1222, 1224, 1225, 1226, 1227, 1229, 1232, 1233, 1235, 1236, 1237, 1238, 1240, 1242, 1243, 1245, 1246, 1248, 1249, 1251, 1252, 1254, 1255, 1256, 1257, 1258, 1259, 1261, 1263, 1266, 1267, 1269, 1270, 1271, 1272, 1274, 1275, 1278, 1279, 1280, 1281, 1282, 1283, 1285, 1286, 1287, 1289, 1291, 1294, 1295, 1305, 1306, 1309, 1312, 1314, 1316, 1317, 1323, 1324, 1330, 1331, 1332, 1340, 1341, 1342, 1350, 1353, 1355, 1357, 1358, 1361, 1362, 1363, 1364, 1366, 1371, 1373, 1375, 1378, 1380, 1382, 1383, 1386, 1387, 1389, 1390, 1392, 1394, 1397, 1399, 1401, 1403, 1405, 1406, 1408, 1412, 1416, 1428, 1440, 1441, 1442, 1443, 1444, 1447, 1450, 1451, 1453, 1454, 1456, 1457, 1459, 1460, 1462, 1463, 1465, 1466, 1470], "excluded_lines": []}}}, "ui/app_user.py": {"executed_lines": [], "summary": {"covered_lines": 0, "num_statements": 303, "percent_covered": 0.0, "percent_covered_display": "0", "missing_lines": 303, "excluded_lines": 0}, "missing_lines": [20, 21, 22, 23, 24, 25, 26, 29, 37, 38, 39, 42, 43, 44, 45, 53, 55, 56, 58, 59, 63, 66, 68, 69, 75, 76, 78, 79, 81, 84, 86, 87, 93, 94, 96, 97, 98, 99, 100, 101, 103, 106, 108, 109, 111, 112, 114, 115, 117, 118, 120, 123, 125, 126, 127, 131, 132, 133, 134, 135, 138, 140, 141, 142, 146, 147, 148, 149, 150, 153, 155, 188, 191, 193, 196, 198, 206, 208, 210, 231, 233, 234, 235, 236, 237, 240, 242, 243, 244, 246, 249, 250, 252, 253, 254, 257, 263, 270, 272, 275, 276, 282, 285, 287, 290, 292, 295, 296, 297, 300, 301, 302, 303, 306, 307, 308, 309, 310, 312, 315, 316, 317, 319, 320, 323, 324, 325, 326, 327, 329, 331, 334, 336, 339, 340, 345, 346, 353, 354, 359, 360, 367, 368, 369, 374, 375, 382, 383, 384, 389, 390, 396, 399, 401, 402, 404, 405, 407, 408, 409, 410, 411, 412, 413, 415, 416, 418, 419, 420, 422, 424, 425, 428, 430, 433, 434, 435, 436, 439, 440, 441, 442, 443, 445, 447, 448, 450, 451, 452, 453, 454, 455, 456, 458, 459, 462, 463, 466, 467, 468, 469, 471, 472, 473, 474, 475, 476, 477, 478, 479, 482, 483, 485, 487, 490, 491, 492, 493, 495, 496, 497, 498, 499, 500, 501, 502, 503, 506, 507, 509, 511, 514, 515, 516, 517, 518, 519, 521, 522, 523, 526, 528, 530, 536, 539, 541, 543, 545, 546, 551, 552, 554, 555, 557, 558, 563, 566, 568, 569, 571, 580, 581, 582, 583, 584, 585, 587, 588, 589, 590, 591, 592, 594, 596, 605, 606, 607, 608, 609, 610, 612, 615, 617, 626, 628, 631, 632, 667, 671, 674, 676, 677, 678, 681, 682, 685, 686, 687, 688, 689, 690, 693, 694], "excluded_lines": [], "functions": {"load_all_users": {"executed_lines": [], "summary": {"covered_lines": 0, "num_statements": 5, "percent_covered": 0.0, "percent_covered_display": "0", "missing_lines": 5, "excluded_lines": 0}, "missing_lines": [55, 56, 58, 59, 63], "excluded_lines": []}, "load_user_data": {"executed_lines": [], "summary": {"covered_lines": 0, "num_statements": 7, "percent_covered": 0.0, "percent_covered_display": "0", "missing_lines": 7, "excluded_lines": 0}, "missing_lines": [68, 69, 75, 76, 78, 79, 81], "excluded_lines": []}, "load_persona_assignment": {"executed_lines": [], "summary": {"covered_lines": 0, "num_statements": 11, "percent_covered": 0.0, "percent_covered_display": "0", "missing_lines": 11, "excluded_lines": 0}, "missing_lines": [86, 87, 93, 94, 96, 97, 98, 99, 100, 101, 103], "excluded_lines": []}, "load_behavioral_signals": {"executed_lines": [], "summary": {"covered_lines": 0, "num_statements": 9, "percent_covered": 0.0, "percent_covered_display": "0", "missing_lines": 9, "excluded_lines": 0}, "missing_lines": [108, 109, 111, 112, 114, 115, 117, 118, 120], "excluded_lines": []}, "grant_consent": {"executed_lines": [], "summary": {"covered_lines": 0, "num_statements": 8, "percent_covered": 0.0, "percent_covered_display": "0", "missing_lines": 8, "excluded_lines": 0}, "missing_lines": [125, 126, 127, 131, 132, 133, 134, 135], "excluded_lines": []}, "revoke_consent": {"executed_lines": [], "summary": {"covered_lines": 0, "num_statements": 8, "percent_covered": 0.0, "percent_covered_display": "0", "missing_lines": 8, "excluded_lines": 0}, "missing_lines": [140, 141, 142, 146, 147, 148, 149, 150], "excluded_lines": []}, "get_persona_description": {"executed_lines": [], "summary": {"covered_lines": 0, "num_statements": 2, "percent_covered": 0.0, "percent_covered_display": "0", "missing_lines": 2, "excluded_lines": 0}, "missing_lines": [155, 188], "excluded_lines": []}, "format_currency": {"executed_lines": [], "summary": {"covered_lines": 0, "num_statements": 1, "percent_covered": 0.0, "percent_covered_display": "0", "missing_lines": 1, "excluded_lines": 0}, "missing_lines": [193], "excluded_lines": []}, "format_percentage": {"executed_lines": [], "summary": {"covered_lines": 0, "num_statements": 1, "percent_covered": 0.0, "percent_covered_display": "0", "missing_lines": 1, "excluded_lines": 0}, "missing_lines": [198], "excluded_lines": []}, "render_consent_banner": {"executed_lines": [], "summary": {"covered_lines": 0, "num_statements": 8, "percent_covered": 0.0, "percent_covered_display": "0", "missing_lines": 8, "excluded_lines": 0}, "missing_lines": [208, 210, 231, 233, 234, 235, 236, 237], "excluded_lines": []}, "render_sidebar": {"executed_lines": [], "summary": {"covered_lines": 0, "num_statements": 18, "percent_covered": 0.0, "percent_covered_display": "0", "missing_lines": 18, "excluded_lines": 0}, "missing_lines": [242, 243, 244, 246, 249, 250, 252, 253, 254, 257, 263, 270, 272, 275, 276, 282, 285, 287], "excluded_lines": []}, "render_dashboard": {"executed_lines": [], "summary": {"covered_lines": 0, "num_statements": 67, "percent_covered": 0.0, "percent_covered_display": "0", "missing_lines": 67, "excluded_lines": 0}, "missing_lines": [292, 295, 296, 297, 300, 301, 302, 303, 306, 307, 308, 309, 310, 312, 315, 316, 317, 319, 320, 323, 324, 325, 326, 327, 329, 331, 334, 336, 339, 340, 345, 346, 353, 354, 359, 360, 367, 368, 369, 374, 375, 382, 383, 384, 389, 390, 396, 399, 401, 402, 404, 405, 407, 408, 409, 410, 411, 412, 413, 415, 416, 418, 419, 420, 422, 424, 425], "excluded_lines": []}, "render_learning_feed": {"executed_lines": [], "summary": {"covered_lines": 0, "num_statements": 67, "percent_covered": 0.0, "percent_covered_display": "0", "missing_lines": 67, "excluded_lines": 0}, "missing_lines": [430, 433, 434, 435, 436, 439, 440, 441, 442, 443, 445, 447, 448, 450, 451, 452, 453, 454, 455, 456, 458, 459, 462, 463, 466, 467, 468, 469, 471, 472, 473, 474, 475, 476, 477, 478, 479, 482, 483, 485, 487, 490, 491, 492, 493, 495, 496, 497, 498, 499, 500, 501, 502, 503, 506, 507, 509, 511, 514, 515, 516, 517, 518, 519, 521, 522, 523], "excluded_lines": []}, "render_privacy_settings": {"executed_lines": [], "summary": {"covered_lines": 0, "num_statements": 46, "percent_covered": 0.0, "percent_covered_display": "0", "missing_lines": 46, "excluded_lines": 0}, "missing_lines": [528, 530, 536, 539, 541, 543, 545, 546, 551, 552, 554, 555, 557, 558, 563, 566, 568, 569, 571, 580, 581, 582, 583, 584, 585, 587, 588, 589, 590, 591, 592, 594, 596, 605, 606, 607, 608, 609, 610, 612, 615, 617, 626, 628, 631, 632], "excluded_lines": []}, "main": {"executed_lines": [], "summary": {"covered_lines": 0, "num_statements": 13, "percent_covered": 0.0, "percent_covered_display": "0", "missing_lines": 13, "excluded_lines": 0}, "missing_lines": [671, 674, 676, 677, 678, 681, 682, 685, 686, 687, 688, 689, 690], "excluded_lines": []}, "": {"executed_lines": [], "summary": {"covered_lines": 0, "num_statements": 32, "percent_covered": 0.0, "percent_covered_display": "0", "missing_lines": 32, "excluded_lines": 0}, "missing_lines": [20, 21, 22, 23, 24, 25, 26, 29, 37, 38, 39, 42, 43, 44, 45, 53, 66, 84, 106, 123, 138, 153, 191, 196, 206, 240, 290, 428, 526, 667, 693, 694], "excluded_lines": []}}, "classes": {"": {"executed_lines": [], "summary": {"covered_lines": 0, "num_statements": 303, "percent_covered": 0.0, "percent_covered_display": "0", "missing_lines": 303, "excluded_lines": 0}, "missing_lines": [20, 21, 22, 23, 24, 25, 26, 29, 37, 38, 39, 42, 43, 44, 45, 53, 55, 56, 58, 59, 63, 66, 68, 69, 75, 76, 78, 79, 81, 84, 86, 87, 93, 94, 96, 97, 98, 99, 100, 101, 103, 106, 108, 109, 111, 112, 114, 115, 117, 118, 120, 123, 125, 126, 127, 131, 132, 133, 134, 135, 138, 140, 141, 142, 146, 147, 148, 149, 150, 153, 155, 188, 191, 193, 196, 198, 206, 208, 210, 231, 233, 234, 235, 236, 237, 240, 242, 243, 244, 246, 249, 250, 252, 253, 254, 257, 263, 270, 272, 275, 276, 282, 285, 287, 290, 292, 295, 296, 297, 300, 301, 302, 303, 306, 307, 308, 309, 310, 312, 315, 316, 317, 319, 320, 323, 324, 325, 326, 327, 329, 331, 334, 336, 339, 340, 345, 346, 353, 354, 359, 360, 367, 368, 369, 374, 375, 382, 383, 384, 389, 390, 396, 399, 401, 402, 404, 405, 407, 408, 409, 410, 411, 412, 413, 415, 416, 418, 419, 420, 422, 424, 425, 428, 430, 433, 434, 435, 436, 439, 440, 441, 442, 443, 445, 447, 448, 450, 451, 452, 453, 454, 455, 456, 458, 459, 462, 463, 466, 467, 468, 469, 471, 472, 473, 474, 475, 476, 477, 478, 479, 482, 483, 485, 487, 490, 491, 492, 493, 495, 496, 497, 498, 499, 500, 501, 502, 503, 506, 507, 509, 511, 514, 515, 516, 517, 518, 519, 521, 522, 523, 526, 528, 530, 536, 539, 541, 543, 545, 546, 551, 552, 554, 555, 557, 558, 563, 566, 568, 569, 571, 580, 581, 582, 583, 584, 585, 587, 588, 589, 590, 591, 592, 594, 596, 605, 606, 607, 608, 609, 610, 612, 615, 617, 626, 628, 631, 632, 667, 671, 674, 676, 677, 678, 681, 682, 685, 686, 687, 688, 689, 690, 693, 694], "excluded_lines": []}}}}, "totals": {"covered_lines": 1674, "num_statements": 3051, "percent_covered": 54.86725663716814, "percent_covered_display": "55", "missing_lines": 1377, "excluded_lines": 0}}